50
V bat
41
64.00 V
40
V Shunt
41
0.08 mV
50
V bat
41
64.00 V
40
V Shunt
41
0.08 mV
50
V bat
41
64.00 V
40
V Shunt
41
0.08 mV
50
V bat
41
64.00 V
40
V Shunt
41
0.08 mV
50
V bat
41
64.00 V
40
V Shunt
41
0.08 mV
50
V bat
41
64.00 V
40
V Shunt
41
0.08 mV
50
V bat
41
64.00 V
40
V Shunt
41
0.08 mV
50
V bat
41
64.00 V
40
V Shunt
41
0.08 mV
50
V bat
41
64.00 V
40
V Shunt
41
0.08 mV
50
V bat
41
64.00 V
40
V Shunt
41
0.08 mV
50
V bat
41
64.00 V
40
V Shunt
41
0.08 mV
50
V bat
41
64.00 V
40
V Shunt
41
0.08 mV
50
V bat
41
64.00 V
40
V Shunt
41
0.08 mV
50
V bat
41
64.00 V
40
V Shunt
41
0.08 mV
50
V bat
41
64.00 V
40
V Shunt
41
0.08 mV
50
V bat
41
64.00 V
40
V Shunt
41
0.08 mV
50
V bat
41
64.00 V
