00
Battery Voltage
22
52.45 Volts
00
Battery Voltage
22
41.16 Volts
00
Battery Voltage
22
34.79 Volts
00
Battery Voltage
22
31.51 Volts
00
Battery Voltage
22
29.77 Volts
00
Battery Voltage
22
28.94 Volts
00
Battery Voltage
22
29.05 Volts
00
Battery Voltage
22
29.05 Volts
00
Battery Voltage
22
29.05 Volts
00
Battery Voltage
22
28.74 Volts
00
Battery Voltage
22
28.43 Volts
00
Battery Voltage
22
28.64 Volts
00
Battery Voltage
22
28.84 Volts
00
Battery Voltage
22
28.94 Volts
