20
Success ADS
Success to initialize ADS.
50
V bat
41
75.85 V
40
V Shunt
41
-0.38 mV
20
BAT COULOMB
11
-1803487.00 C
20
BAT PERCENT
01
-7392636400.00 %
20
BAT COULOMB
11
-2303835.80 C
20
BAT PERCENT
01
-9194111000.00 %
20
BAT COULOMB
11
-2804195.80 C
20
BAT PERCENT
01
-10994969000.00
20
BAT COULOMB
11
-3304237.80 C
20
BAT PERCENT
01
-12797618000.00
20
BAT COULOMB
11
-3804967.80 C
20
BAT PERCENT
01
-14600239000.00
20
BAT COULOMB
11
-4305813.00 C
20
BAT PERCENT
01
-16401830000.00
20
BAT COULOMB
11
-4806410.00 C
20
BAT PERCENT
01
-18203888000.00
20
BAT COULOMB
11
-5306736.50 C
20
BAT PERCENT
01
-20005116000.00
20
BAT COULOMB
11
-5806622.50 C
20
BAT PERCENT
01
-21804616000.00
20
BAT COULOMB
11
-6307165.50 C
20
BAT PERCENT
01
-23606127000.00
20
BAT COULOMB
11
-6807449.50 C
20
BAT PERCENT
01
-25407429000.00
20
BAT COULOMB
11
-7307899.50 C
20
BAT PERCENT
01
-27209130000.00
20
BAT COULOMB
11
-7808121.00 C
20
BAT PERCENT
01
-29009959000.00
20
BAT COULOMB
11
-8308604.00 C
20
BAT PERCENT
01
-30811861000.00
20
BAT COULOMB
11
-8808913.00 C
20
BAT PERCENT
01
-32613054000.00
20
BAT COULOMB
11
-9309517.00 C
20
BAT PERCENT
01
-34414240000.00
20
BAT COULOMB
11
-9809894.00 C
20
BAT PERCENT
01
-36216586000.00
20
BAT COULOMB
11
-10310528.00 C
20
BAT PERCENT
01
-38020076000.00
20
BAT COULOMB
11
-10811253.00 C
20
BAT PERCENT
01
-39822766000.00
20
BAT COULOMB
11
-11312234.00 C
20
BAT PERCENT
01
-41626243000.00
20
BAT COULOMB
11
-11812487.00 C
20
BAT PERCENT
01
-43427226000.00
20
BAT COULOMB
11
-12313475.00 C
20
BAT PERCENT
01
-45230703000.00
20
BAT COULOMB
11
-12814442.00 C
20
BAT PERCENT
01
-47033393000.00
20
BAT COULOMB
11
-13314481.00 C
20
BAT PERCENT
01
-48833556000.00
20
BAT COULOMB
11
-13815007.00 C
20
BAT PERCENT
01
-50636329000.00
20
BAT COULOMB
11
-14315999.00 C
20
BAT PERCENT
01
-52439020000.00
20
BAT COULOMB
11
-14816542.00 C
20
BAT PERCENT
01
-54241743000.00
20
BAT COULOMB
11
-15317276.00 C
20
BAT PERCENT
01
-56043545000.00
20
BAT COULOMB
11
-15818029.00 C
20
BAT PERCENT
01
-57843970000.00
20
BAT COULOMB
11
-16318076.00 C
20
BAT PERCENT
01
-59644756000.00
20
BAT COULOMB
11
-16818346.00 C
20
BAT PERCENT
01
-61446033000.00
20
BAT COULOMB
11
-17318740.00 C
20
BAT PERCENT
01
-63247401000.00
20
BAT COULOMB
11
-17819128.00 C
20
BAT PERCENT
01
-65048846000.00
20
BAT COULOMB
11
-18319522.00 C
20
BAT PERCENT
01
-66850284000.00
20
BAT COULOMB
11
-18819240.00 C
20
BAT PERCENT
01
-68651667000.00
20
BAT COULOMB
11
-19320328.00 C
20
BAT PERCENT
01
-70453182000.00
20
BAT COULOMB
11
-19820712.00 C
20
BAT PERCENT
01
-72257061000.00
20
BAT COULOMB
11
-20321132.00 C
20
BAT PERCENT
01
-74058539000.00
20
BAT COULOMB
11
-20821314.00 C
20
BAT PERCENT
01
-75859263000.00
20
BAT COULOMB
11
-21321764.00 C
20
BAT PERCENT
01
-77659808000.00
20
BAT COULOMB
11
-21822590.00 C
20
BAT PERCENT
01
-79460499000.00
20
BAT COULOMB
11
-22322728.00 C
20
BAT PERCENT
01
-81261871000.00
20
BAT COULOMB
11
-22823144.00 C
20
BAT PERCENT
01
-83063357000.00
20
BAT COULOMB
11
-23323564.00 C
20
BAT PERCENT
01
-84864811000.00
20
BAT COULOMB
11
-23823984.00 C
20
BAT PERCENT
01
-86666314000.00
20
BAT COULOMB
11
-24324376.00 C
20
BAT PERCENT
01
-88467808000.00
20
BAT COULOMB
11
-24824580.00 C
20
BAT PERCENT
01
-90266730000.00
20
BAT COULOMB
11
-25324518.00 C
20
BAT PERCENT
01
-92068200000.00
20
BAT COULOMB
11
-25824688.00 C
20
BAT PERCENT
01
-93871210000.00
20
BAT COULOMB
11
-26325084.00 C
20
BAT PERCENT
01
-95672828000.00
