battery_voltage	64.00
battery_capacity_ah	100.00
battery_capacity_coulomb	360000.00
shunt_voltage	0.08


===================
SHUNT_RESISTANCE	0.00
SHUNT_MULTIPLIER	0.01
BATTERY_CAPACITY_AH	100.00
BATTERY_CAPACITY_COULOMB	360000.00


===================
Success ADS
Success to initialize ADS.
0
5671952
-1417988.00000000000000000000
360000.00000000000000000000

5671952
5680316
-2091.00000000000000000000
-1057988.00000000000000000000

5680316
5688940
-2156.00000000000000000000
-1060079.00000000000000000000

5688940
5697580
-2160.00000000000000000000
-1062235.00000000000000000000

5697580
5706204
-2156.00000000000000000000
-1064395.00000000000000000000

5706204
5714836
-2158.00000000000000000000
-1066551.00000000000000000000

5714836
5723464
-2157.00000000000000000000
-1068709.00000000000000000000

5723464
5732088
-2156.00000000000000000000
-1070866.00000000000000000000

5732088
5740716
-2157.00000000000000000000
-1073022.00000000000000000000

5740716
5749344
-2157.00000000000000000000
-1075179.00000000000000000000

5749344
5757984
-2160.00000000000000000000
-1077336.00000000000000000000

5757984
5766620
-2159.00000000000000000000
-1079496.00000000000000000000

5766620
5775244
-2156.00000000000000000000
-1081655.00000000000000000000

5775244
5783868
-2156.00000000000000000000
-1083811.00000000000000000000

5783868
5792492
-2156.00000000000000000000
-1085967.00000000000000000000

5792492
5801120
-2157.00000000000000000000
-1088123.00000000000000000000

5801120
5809744
-2156.00000000000000000000
-1090280.00000000000000000000

5809744
5818376
-2158.00000000000000000000
-1092436.00000000000000000000

5818376
5827008
-2158.00000000000000000000
-1094594.00000000000000000000

5827008
5835628
-2155.00000000000000000000
-1096752.00000000000000000000

5835628
5844252
-2156.00000000000000000000
-1098907.00000000000000000000

5844252
5852876
-2156.00000000000000000000
-1101063.00000000000000000000

5852876
5861508
-2158.00000000000000000000
-1103219.00000000000000000000

5861508
5870136
-2157.00000000000000000000
-1105377.00000000000000000000

5870136
5878768
-2158.00000000000000000000
-1107534.00000000000000000000

5878768
5887408
-2160.00000000000000000000
-1109692.00000000000000000000

5887408
5896044
-2159.00000000000000000000
-1111852.00000000000000000000

5896044
5904668
-2156.00000000000000000000
-1114011.00000000000000000000

5904668
5913292
-2156.00000000000000000000
-1116167.00000000000000000000

5913292
5921920
-2157.00000000000000000000
-1118323.00000000000000000000

5921920
5930552
-2158.00000000000000000000
-1120480.00000000000000000000

5930552
5939184
-2158.00000000000000000000
-1122638.00000000000000000000

5939184
5947824
-2160.00000000000000000000
-1124796.00000000000000000000

5947824
5956460
-2159.00000000000000000000
-1126956.00000000000000000000

5956460
5965084
-2156.00000000000000000000
-1129115.00000000000000000000

5965084
5973708
-2156.00000000000000000000
-1131271.00000000000000000000

5973708
5982336
-2157.00000000000000000000
-1133427.00000000000000000000

5982336
5990968
-2158.00000000000000000000
-1135584.00000000000000000000

5990968
5999600
-2158.00000000000000000000
-1137742.00000000000000000000

5999600
6008240
-2160.00000000000000000000
-1139900.00000000000000000000

6008240
6016876
-2159.00000000000000000000
-1142060.00000000000000000000

6016876
6025500
-2156.00000000000000000000
-1144219.00000000000000000000

6025500
6034124
-2156.00000000000000000000
-1146375.00000000000000000000

6034124
6042756
-2158.00000000000000000000
-1148531.00000000000000000000

6042756
6051384
-2157.00000000000000000000
-1150689.00000000000000000000

6051384
6060016
-2158.00000000000000000000
-1152846.00000000000000000000

6060016
6068640
-2156.00000000000000000000
-1155004.00000000000000000000

6068640
6077276
-2159.00000000000000000000
-1157160.00000000000000000000

6077276
6085904
-2157.00000000000000000000
-1159319.00000000000000000000

6085904
6094540
-2159.00000000000000000000
-1161476.00000000000000000000

6094540
6103172
-2158.00000000000000000000
-1163635.00000000000000000000

6103172
6111800
-2157.00000000000000000000
-1165793.00000000000000000000

6111800
6120436
-2159.00000000000000000000
-1167950.00000000000000000000

6120436
6129076
-2160.00000000000000000000
-1170109.00000000000000000000

6129076
6137700
-2156.00000000000000000000
-1172269.00000000000000000000

6137700
6146324
-2156.00000000000000000000
-1174425.00000000000000000000

6146324
6154948
-2156.00000000000000000000
-1176581.00000000000000000000

6154948
6163576
-2157.00000000000000000000
-1178737.00000000000000000000

6163576
6172196
-2155.00000000000000000000
-1180894.00000000000000000000

6172196
6180820
-2156.00000000000000000000
-1183049.00000000000000000000

6180820
6189444
-2156.00000000000000000000
-1185205.00000000000000000000

6189444
6198068
-2156.00000000000000000000
-1187361.00000000000000000000

6198068
6206692
-2156.00000000000000000000
-1189517.00000000000000000000

6206692
6215316
-2156.00000000000000000000
-1191673.00000000000000000000

6215316
6223944
-2157.00000000000000000000
-1193829.00000000000000000000

6223944
6232576
-2158.00000000000000000000
-1195986.00000000000000000000

6232576
6241216
-2160.00000000000000000000
-1198144.00000000000000000000

6241216
6249844
-2157.00000000000000000000
-1200304.00000000000000000000

6249844
6258476
-2158.00000000000000000000
-1202461.00000000000000000000

6258476
6267104
-2157.00000000000000000000
-1204619.00000000000000000000

6267104
6275728
-2156.00000000000000000000
-1206776.00000000000000000000

6275728
6284352
-2156.00000000000000000000
-1208932.00000000000000000000

6284352
6292984
-2158.00000000000000000000
-1211088.00000000000000000000

6292984
6301624
-2160.00000000000000000000
-1213246.00000000000000000000

6301624
6310260
-2159.00000000000000000000
-1215406.00000000000000000000

6310260
6318896
-2159.00000000000000000000
-1217565.00000000000000000000

6318896
6327524
-2157.00000000000000000000
-1219724.00000000000000000000

6327524
6336148
-2156.00000000000000000000
-1221881.00000000000000000000

6336148
6344772
-2156.00000000000000000000
-1224037.00000000000000000000

6344772
6353396
-2156.00000000000000000000
-1226193.00000000000000000000

6353396
6362028
-2158.00000000000000000000
-1228349.00000000000000000000

6362028
6370660
-2158.00000000000000000000
-1230507.00000000000000000000

6370660
6379284
-2156.00000000000000000000
-1232665.00000000000000000000

6379284
6387908
-2156.00000000000000000000
-1234821.00000000000000000000

6387908
6396536
-2157.00000000000000000000
-1236977.00000000000000000000

6396536
6405172
-2159.00000000000000000000
-1239134.00000000000000000000

6405172
6413796
-2156.00000000000000000000
-1241293.00000000000000000000

6413796
6422436
-2160.00000000000000000000
-1243449.00000000000000000000

6422436
6431056
-2155.00000000000000000000
-1245609.00000000000000000000

6431056
6439680
-2156.00000000000000000000
-1247764.00000000000000000000

6439680
6448304
-2156.00000000000000000000
-1249920.00000000000000000000

6448304
6456940
-2159.00000000000000000000
-1252076.00000000000000000000

6456940
6465580
-2160.00000000000000000000
-1254235.00000000000000000000

6465580
6474204
-2156.00000000000000000000
-1256395.00000000000000000000

6474204
6482836
-2158.00000000000000000000
-1258551.00000000000000000000

6482836
6491460
-2156.00000000000000000000
-1260709.00000000000000000000

6491460
6500084
-2156.00000000000000000000
-1262865.00000000000000000000

6500084
6508716
-2158.00000000000000000000
-1265021.00000000000000000000

6508716
6517348
-2158.00000000000000000000
-1267179.00000000000000000000

6517348
6525988
-2160.00000000000000000000
-1269337.00000000000000000000

6525988
6534624
-2159.00000000000000000000
-1271497.00000000000000000000

6534624
6543264
-2160.00000000000000000000
-1273656.00000000000000000000

6543264
6551888
-2156.00000000000000000000
-1275816.00000000000000000000

6551888
6560524
-2159.00000000000000000000
-1277972.00000000000000000000

6560524
6569148
-2156.00000000000000000000
-1280131.00000000000000000000

6569148
6577772
-2156.00000000000000000000
-1282287.00000000000000000000

6577772
6586400
-2157.00000000000000000000
-1284443.00000000000000000000

6586400
6595020
-2155.00000000000000000000
-1286600.00000000000000000000

6595020
6603640
-2155.00000000000000000000
-1288755.00000000000000000000

6603640
6612264
-2156.00000000000000000000
-1290910.00000000000000000000

6612264
6620888
-2156.00000000000000000000
-1293066.00000000000000000000

6620888
6629516
-2157.00000000000000000000
-1295222.00000000000000000000

6629516
6638152
-2159.00000000000000000000
-1297379.00000000000000000000

6638152
6646792
-2160.00000000000000000000
-1299538.00000000000000000000

6646792
6655416
-2156.00000000000000000000
-1301698.00000000000000000000

6655416
6664040
-2156.00000000000000000000
-1303854.00000000000000000000

V bat
75.44 V
6664040
6697740
-8425.00000000000000000000
-1306010.00000000000000000000

6697740
6706360
-2155.00000000000000000000
-1314435.00000000000000000000

6706360
6714984
-2156.00000000000000000000
-1316590.00000000000000000000

6714984
6723624
-2160.00000000000000000000
-1318746.00000000000000000000

6723624
6732248
-2156.00000000000000000000
-1320906.00000000000000000000

6732248
6740884
-2159.00000000000000000000
-1323062.00000000000000000000

6740884
6749508
-2156.00000000000000000000
-1325221.00000000000000000000

6749508
6758128
-2155.00000000000000000000
-1327377.00000000000000000000

6758128
6766756
-2157.00000000000000000000
-1329532.00000000000000000000

6766756
6775388
-2158.00000000000000000000
-1331689.00000000000000000000

6775388
6784032
-2161.00000000000000000000
-1333847.00000000000000000000

6784032
6792656
-2156.00000000000000000000
-1336008.00000000000000000000

6792656
6801288
-2158.00000000000000000000
-1338164.00000000000000000000

6801288
6809912
-2156.00000000000000000000
-1340322.00000000000000000000

6809912
6818544
-2158.00000000000000000000
-1342478.00000000000000000000

6818544
6827168
-2156.00000000000000000000
-1344636.00000000000000000000

6827168
6835800
-2158.00000000000000000000
-1346792.00000000000000000000

6835800
6844440
-2160.00000000000000000000
-1348950.00000000000000000000

6844440
6853068
-2157.00000000000000000000
-1351110.00000000000000000000

6853068
6861692
-2156.00000000000000000000
-1353267.00000000000000000000

6861692
6870316
-2156.00000000000000000000
-1355423.00000000000000000000

6870316
6878940
-2156.00000000000000000000
-1357579.00000000000000000000

6878940
6887572
-2158.00000000000000000000
-1359735.00000000000000000000

6887572
6896204
-2158.00000000000000000000
-1361893.00000000000000000000

6896204
6904844
-2160.00000000000000000000
-1364051.00000000000000000000

6904844
6913468
-2156.00000000000000000000
-1366211.00000000000000000000

6913468
6922092
-2156.00000000000000000000
-1368367.00000000000000000000

6922092
6930716
-2156.00000000000000000000
-1370523.00000000000000000000

6930716
6939340
-2156.00000000000000000000
-1372679.00000000000000000000

6939340
6947972
-2158.00000000000000000000
-1374835.00000000000000000000

6947972
6956600
-2157.00000000000000000000
-1376993.00000000000000000000

6956600
6965232
-2158.00000000000000000000
-1379150.00000000000000000000

6965232
6973876
-2161.00000000000000000000
-1381308.00000000000000000000

6973876
6982508
-2158.00000000000000000000
-1383469.00000000000000000000

6982508
6991132
-2156.00000000000000000000
-1385627.00000000000000000000

6991132
6999756
-2156.00000000000000000000
-1387783.00000000000000000000

6999756
7008384
-2157.00000000000000000000
-1389939.00000000000000000000

7008384
7017016
-2158.00000000000000000000
-1392096.00000000000000000000

7017016
7025648
-2158.00000000000000000000
-1394254.00000000000000000000

7025648
7034272
-2156.00000000000000000000
-1396412.00000000000000000000

7034272
7042908
-2159.00000000000000000000
-1398568.00000000000000000000

7042908
7051536
-2157.00000000000000000000
-1400727.00000000000000000000

7051536
7060160
-2156.00000000000000000000
-1402884.00000000000000000000

7060160
7068784
-2156.00000000000000000000
-1405040.00000000000000000000

7068784
7077396
-2153.00000000000000000000
-1407196.00000000000000000000

7077396
7086020
-2156.00000000000000000000
-1409349.00000000000000000000

7086020
7094648
-2157.00000000000000000000
-1411505.00000000000000000000

7094648
7103272
-2156.00000000000000000000
-1413662.00000000000000000000

7103272
7111900
-2157.00000000000000000000
-1415818.00000000000000000000

7111900
7120528
-2157.00000000000000000000
-1417975.00000000000000000000

7120528
7129152
-2156.00000000000000000000
-1420132.00000000000000000000

7129152
7137784
-2158.00000000000000000000
-1422288.00000000000000000000

7137784
7146424
-2160.00000000000000000000
-1424446.00000000000000000000

7146424
7155056
-2158.00000000000000000000
-1426606.00000000000000000000

7155056
7163692
-2159.00000000000000000000
-1428764.00000000000000000000

7163692
7172316
-2156.00000000000000000000
-1430923.00000000000000000000

7172316
7180940
-2156.00000000000000000000
-1433079.00000000000000000000

7180940
7189564
-2156.00000000000000000000
-1435235.00000000000000000000

7189564
7198188
-2156.00000000000000000000
-1437391.00000000000000000000

7198188
7206820
-2158.00000000000000000000
-1439547.00000000000000000000

7206820
7215452
-2158.00000000000000000000
-1441705.00000000000000000000

7215452
7224076
-2156.00000000000000000000
-1443863.00000000000000000000

7224076
7232700
-2156.00000000000000000000
-1446019.00000000000000000000

7232700
7241324
-2156.00000000000000000000
-1448175.00000000000000000000

7241324
7249964
-2160.00000000000000000000
-1450331.00000000000000000000

7249964
7258588
-2156.00000000000000000000
-1452491.00000000000000000000

7258588
7267208
-2155.00000000000000000000
-1454647.00000000000000000000

7267208
7275832
-2156.00000000000000000000
-1456802.00000000000000000000

7275832
7284456
-2156.00000000000000000000
-1458958.00000000000000000000

7284456
7293084
-2157.00000000000000000000
-1461114.00000000000000000000

7293084
7301716
-2158.00000000000000000000
-1463271.00000000000000000000

7301716
7310356
-2160.00000000000000000000
-1465429.00000000000000000000

7310356
7318980
-2156.00000000000000000000
-1467589.00000000000000000000

7318980
7327604
-2156.00000000000000000000
-1469745.00000000000000000000

7327604
7336228
-2156.00000000000000000000
-1471901.00000000000000000000

7336228
7344864
-2159.00000000000000000000
-1474057.00000000000000000000

7344864
7353500
-2159.00000000000000000000
-1476216.00000000000000000000

7353500
7362132
-2158.00000000000000000000
-1478375.00000000000000000000

7362132
7370776
-2161.00000000000000000000
-1480533.00000000000000000000

7370776
7379416
-2160.00000000000000000000
-1482694.00000000000000000000

7379416
7388040
-2156.00000000000000000000
-1484854.00000000000000000000

7388040
7396664
-2156.00000000000000000000
-1487010.00000000000000000000

7396664
7405288
-2156.00000000000000000000
-1489166.00000000000000000000

V Shunt
-0.38 mV
BAT COULOMB
-1808228.00 C
BAT PERCENT
-7410488800.00 %
BAT COULOMB
-2308505.00 C
BAT PERCENT
-9210620900.00 %
