battery_voltage	64.00
battery_capacity_ah	100.00
battery_capacity_coulomb	360000.00
shunt_voltage	0.00


===================
SHUNT_RESISTANCE	0.00
SHUNT_MULTIPLIER	0.01
BATTERY_CAPACITY_AH	100.00
BATTERY_CAPACITY_COULOMB	360000.00


===================
Success ADS
Success to initialize ADS.
0
5671968
-0.37
-1417992.00000000000000000000
360000.00000000000000000000

5671968
5680748
-0.37
-2195.00000000000000000000
-1057992.00000000000000000000

5680748
5689784
-0.37
-2259.00000000000000000000
-1060187.00000000000000000000

5689784
5698812
-0.37
-2257.00000000000000000000
-1062446.00000000000000000000

5698812
5707848
-0.37
-2259.00000000000000000000
-1064703.00000000000000000000

5707848
5716884
-0.37
-2259.00000000000000000000
-1066962.00000000000000000000

5716884
5725928
-0.37
-2261.00000000000000000000
-1069221.00000000000000000000

5725928
5734944
-0.37
-2254.00000000000000000000
-1071482.00000000000000000000

5734944
5743988
-0.37
-2261.00000000000000000000
-1073736.00000000000000000000

5743988
5753024
-0.37
-2259.00000000000000000000
-1075997.00000000000000000000

5753024
5762072
-0.37
-2262.00000000000000000000
-1078256.00000000000000000000

5762072
5771108
-0.37
-2259.00000000000000000000
-1080518.00000000000000000000

5771108
5780152
-0.37
-2261.00000000000000000000
-1082777.00000000000000000000

5780152
5789196
-0.37
-2261.00000000000000000000
-1085038.00000000000000000000

5789196
5798236
-0.37
-2260.00000000000000000000
-1087299.00000000000000000000

5798236
5807276
-0.37
-2260.00000000000000000000
-1089559.00000000000000000000

5807276
5816324
-0.37
-2262.00000000000000000000
-1091819.00000000000000000000

5816324
5825356
-0.37
-2258.00000000000000000000
-1094081.00000000000000000000

5825356
5834396
-0.37
-2260.00000000000000000000
-1096339.00000000000000000000

5834396
5843432
-0.37
-2259.00000000000000000000
-1098599.00000000000000000000

5843432
5852468
-0.37
-2259.00000000000000000000
-1100858.00000000000000000000

5852468
5861512
-0.37
-2261.00000000000000000000
-1103117.00000000000000000000

5861512
5870548
-0.37
-2259.00000000000000000000
-1105378.00000000000000000000

5870548
5879596
-0.37
-2262.00000000000000000000
-1107637.00000000000000000000

5879596
5888632
-0.37
-2259.00000000000000000000
-1109899.00000000000000000000

5888632
5897680
-0.37
-2262.00000000000000000000
-1112158.00000000000000000000

5897680
5906716
-0.37
-2259.00000000000000000000
-1114420.00000000000000000000

5906716
5915748
-0.37
-2258.00000000000000000000
-1116679.00000000000000000000

5915748
5924788
-0.37
-2260.00000000000000000000
-1118937.00000000000000000000

5924788
5933828
-0.37
-2260.00000000000000000000
-1121197.00000000000000000000

5933828
5942872
-0.37
-2261.00000000000000000000
-1123457.00000000000000000000

5942872
5951916
-0.37
-2261.00000000000000000000
-1125718.00000000000000000000

5951916
5960952
-0.37
-2259.00000000000000000000
-1127979.00000000000000000000

5960952
5969984
-0.37
-2258.00000000000000000000
-1130238.00000000000000000000

5969984
5979020
-0.37
-2259.00000000000000000000
-1132496.00000000000000000000

5979020
5988056
-0.37
-2259.00000000000000000000
-1134755.00000000000000000000

5988056
5997088
-0.37
-2258.00000000000000000000
-1137014.00000000000000000000

5997088
6006132
-0.37
-2261.00000000000000000000
-1139272.00000000000000000000

6006132
6015168
-0.37
-2259.00000000000000000000
-1141533.00000000000000000000

6015168
6024216
-0.37
-2262.00000000000000000000
-1143792.00000000000000000000

6024216
6033256
-0.37
-2260.00000000000000000000
-1146054.00000000000000000000

6033256
6042296
-0.37
-2260.00000000000000000000
-1148314.00000000000000000000

6042296
6051340
-0.37
-2261.00000000000000000000
-1150574.00000000000000000000

6051340
6060384
-0.37
-2261.00000000000000000000
-1152835.00000000000000000000

6060384
6069424
-0.37
-2260.00000000000000000000
-1155096.00000000000000000000

6069424
6078472
-0.37
-2262.00000000000000000000
-1157356.00000000000000000000

6078472
6087508
-0.37
-2259.00000000000000000000
-1159618.00000000000000000000

6087508
6096544
-0.37
-2259.00000000000000000000
-1161877.00000000000000000000

6096544
6105588
-0.37
-2261.00000000000000000000
-1164136.00000000000000000000

6105588
6114616
-0.37
-2257.00000000000000000000
-1166397.00000000000000000000

6114616
6123660
-0.37
-2261.00000000000000000000
-1168654.00000000000000000000

6123660
6132696
-0.37
-2259.00000000000000000000
-1170915.00000000000000000000

6132696
6141740
-0.37
-2261.00000000000000000000
-1173174.00000000000000000000

6141740
6150784
-0.37
-2261.00000000000000000000
-1175435.00000000000000000000

6150784
6159824
-0.37
-2260.00000000000000000000
-1177696.00000000000000000000

6159824
6168852
-0.37
-2257.00000000000000000000
-1179956.00000000000000000000

6168852
6177880
-0.37
-2257.00000000000000000000
-1182213.00000000000000000000

6177880
6186920
-0.37
-2260.00000000000000000000
-1184470.00000000000000000000

6186920
6195964
-0.37
-2261.00000000000000000000
-1186730.00000000000000000000

6195964
6205008
-0.37
-2261.00000000000000000000
-1188991.00000000000000000000

6205008
6214040
-0.37
-2258.00000000000000000000
-1191252.00000000000000000000

6214040
6223080
-0.37
-2260.00000000000000000000
-1193510.00000000000000000000

6223080
6232116
-0.37
-2259.00000000000000000000
-1195770.00000000000000000000

6232116
6241156
-0.37
-2260.00000000000000000000
-1198029.00000000000000000000

6241156
6250200
-0.37
-2261.00000000000000000000
-1200289.00000000000000000000

6250200
6259232
-0.37
-2258.00000000000000000000
-1202550.00000000000000000000

6259232
6268276
-0.37
-2261.00000000000000000000
-1204808.00000000000000000000

6268276
6277312
-0.37
-2259.00000000000000000000
-1207069.00000000000000000000

6277312
6286360
-0.37
-2262.00000000000000000000
-1209328.00000000000000000000

6286360
6295396
-0.37
-2259.00000000000000000000
-1211590.00000000000000000000

6295396
6304432
-0.37
-2259.00000000000000000000
-1213849.00000000000000000000

6304432
6313476
-0.37
-2261.00000000000000000000
-1216108.00000000000000000000

6313476
6322512
-0.37
-2259.00000000000000000000
-1218369.00000000000000000000

6322512
6331556
-0.25
-1507.33337402343750000000
-1220628.00000000000000000000

6331556
6340756
-0.37
-2300.00000000000000000000
-1222135.37500000000000000000

6340756
6349840
-0.37
-2271.00000000000000000000
-1224435.37500000000000000000

6349840
6358916
-0.37
-2269.00000000000000000000
-1226706.37500000000000000000

6358916
6367996
-0.37
-2270.00000000000000000000
-1228975.37500000000000000000

6367996
6377080
-0.37
-2271.00000000000000000000
-1231245.37500000000000000000

6377080
6386156
-0.37
-2269.00000000000000000000
-1233516.37500000000000000000

6386156
6395236
-0.37
-2270.00000000000000000000
-1235785.37500000000000000000

6395236
6404312
-0.37
-2269.00000000000000000000
-1238055.37500000000000000000

6404312
6413388
-0.37
-2269.00000000000000000000
-1240324.37500000000000000000

6413388
6422464
-0.37
-2269.00000000000000000000
-1242593.37500000000000000000

6422464
6431544
-0.37
-2270.00000000000000000000
-1244862.37500000000000000000

6431544
6440624
-0.37
-2270.00000000000000000000
-1247132.37500000000000000000

6440624
6449708
-0.37
-2271.00000000000000000000
-1249402.37500000000000000000

6449708
6458784
-0.37
-2269.00000000000000000000
-1251673.37500000000000000000

6458784
6467856
-0.37
-2268.00000000000000000000
-1253942.37500000000000000000

6467856
6476936
-0.37
-2270.00000000000000000000
-1256210.37500000000000000000

6476936
6486032
-0.37
-2274.00000000000000000000
-1258480.37500000000000000000

6486032
6495104
-0.37
-2268.00000000000000000000
-1260754.37500000000000000000

6495104
6504188
-0.37
-2271.00000000000000000000
-1263022.37500000000000000000

6504188
6513272
-0.37
-2271.00000000000000000000
-1265293.37500000000000000000

6513272
6522360
-0.37
-2272.00000000000000000000
-1267564.37500000000000000000

6522360
6531444
-0.37
-2271.00000000000000000000
-1269836.37500000000000000000

6531444
6540520
-0.37
-2269.00000000000000000000
-1272107.37500000000000000000

6540520
6549592
-0.37
-2268.00000000000000000000
-1274376.37500000000000000000

6549592
6558684
-0.37
-2273.00000000000000000000
-1276644.37500000000000000000

6558684
6567768
-0.37
-2271.00000000000000000000
-1278917.37500000000000000000

6567768
6576848
-0.37
-2270.00000000000000000000
-1281188.37500000000000000000

6576848
6585908
-0.37
-2265.00000000000000000000
-1283458.37500000000000000000

6585908
6594984
-0.37
-2269.00000000000000000000
-1285723.37500000000000000000

6594984
6604056
-0.37
-2268.00000000000000000000
-1287992.37500000000000000000

6604056
6613140
-0.37
-2271.00000000000000000000
-1290260.37500000000000000000

6613140
6622220
-0.37
-2270.00000000000000000000
-1292531.37500000000000000000

6622220
6631296
-0.37
-2269.00000000000000000000
-1294801.37500000000000000000

6631296
6640376
-0.37
-2270.00000000000000000000
-1297070.37500000000000000000

6640376
6649448
-0.37
-2268.00000000000000000000
-1299340.37500000000000000000

6649448
6658536
-0.37
-2272.00000000000000000000
-1301608.37500000000000000000

6658536
6667616
-0.37
-2270.00000000000000000000
-1303880.37500000000000000000

V bat
75.85 V
6667616
6701772
-0.37
-8539.00000000000000000000
-1306150.37500000000000000000

6701772
6710864
-0.37
-2273.00000000000000000000
-1314689.37500000000000000000

6710864
6719952
-0.37
-2272.00000000000000000000
-1316962.37500000000000000000

6719952
6729024
-0.37
-2268.00000000000000000000
-1319234.37500000000000000000

6729024
6738100
-0.37
-2269.00000000000000000000
-1321502.37500000000000000000

6738100
6747180
-0.37
-2270.00000000000000000000
-1323771.37500000000000000000

6747180
6756260
-0.37
-2270.00000000000000000000
-1326041.37500000000000000000

6756260
6765340
-0.37
-2270.00000000000000000000
-1328311.37500000000000000000

6765340
6774420
-0.37
-2270.00000000000000000000
-1330581.37500000000000000000

6774420
6783508
-0.37
-2272.00000000000000000000
-1332851.37500000000000000000

6783508
6792580
-0.37
-2268.00000000000000000000
-1335123.37500000000000000000

6792580
6801656
-0.37
-2269.00000000000000000000
-1337391.37500000000000000000

6801656
6810732
-0.37
-2269.00000000000000000000
-1339660.37500000000000000000

6810732
6819804
-0.37
-2268.00000000000000000000
-1341929.37500000000000000000

6819804
6828884
-0.37
-2270.00000000000000000000
-1344197.37500000000000000000

6828884
6837964
-0.37
-2270.00000000000000000000
-1346467.37500000000000000000

6837964
6847052
-0.37
-2272.00000000000000000000
-1348737.37500000000000000000

6847052
6856124
-0.37
-2268.00000000000000000000
-1351009.37500000000000000000

6856124
6865200
-0.37
-2269.00000000000000000000
-1353277.37500000000000000000

6865200
6874280
-0.37
-2270.00000000000000000000
-1355546.37500000000000000000

6874280
6883360
-0.37
-2270.00000000000000000000
-1357816.37500000000000000000

6883360
6892436
-0.37
-2269.00000000000000000000
-1360086.37500000000000000000

6892436
6901516
-0.37
-2270.00000000000000000000
-1362355.37500000000000000000

6901516
6910596
-0.37
-2270.00000000000000000000
-1364625.37500000000000000000

6910596
6919684
-0.37
-2272.00000000000000000000
-1366895.37500000000000000000

6919684
6928760
-0.37
-2269.00000000000000000000
-1369167.37500000000000000000

6928760
6937836
-0.37
-2269.00000000000000000000
-1371436.37500000000000000000

6937836
6946908
-0.37
-2268.00000000000000000000
-1373705.37500000000000000000

6946908
6955984
-0.37
-2269.00000000000000000000
-1375973.37500000000000000000

6955984
6965064
-0.37
-2270.00000000000000000000
-1378242.37500000000000000000

6965064
6974144
-0.37
-2270.00000000000000000000
-1380512.37500000000000000000

6974144
6983240
-0.37
-2274.00000000000000000000
-1382782.37500000000000000000

6983240
6992332
-0.37
-2273.00000000000000000000
-1385056.37500000000000000000

6992332
7001408
-0.37
-2269.00000000000000000000
-1387329.37500000000000000000

7001408
7010480
-0.37
-2268.00000000000000000000
-1389598.37500000000000000000

7010480
7019564
-0.37
-2271.00000000000000000000
-1391866.37500000000000000000

7019564
7028656
-0.37
-2273.00000000000000000000
-1394137.37500000000000000000

7028656
7037748
-0.37
-2273.00000000000000000000
-1396410.37500000000000000000

7037748
7046832
-0.37
-2271.00000000000000000000
-1398683.37500000000000000000

7046832
7055896
-0.37
-2266.00000000000000000000
-1400954.37500000000000000000

7055896
7064968
-0.37
-2268.00000000000000000000
-1403220.37500000000000000000

7064968
7074044
-0.37
-2269.00000000000000000000
-1405488.37500000000000000000

7074044
7083120
-0.37
-2269.00000000000000000000
-1407757.37500000000000000000

7083120
7092192
-0.37
-2268.00000000000000000000
-1410026.37500000000000000000

7092192
7101276
-0.37
-2271.00000000000000000000
-1412294.37500000000000000000

7101276
7110360
-0.37
-2271.00000000000000000000
-1414565.37500000000000000000

7110360
7119456
-0.37
-2274.00000000000000000000
-1416836.37500000000000000000

7119456
7128548
-0.37
-2273.00000000000000000000
-1419110.37500000000000000000

7128548
7137628
-0.37
-2270.00000000000000000000
-1421383.37500000000000000000

7137628
7146700
-0.37
-2268.00000000000000000000
-1423653.37500000000000000000

7146700
7155788
-0.37
-2272.00000000000000000000
-1425921.37500000000000000000

7155788
7164864
-0.37
-2269.00000000000000000000
-1428193.37500000000000000000

7164864
7173948
-0.37
-2271.00000000000000000000
-1430462.37500000000000000000

7173948
7183028
-0.37
-2270.00000000000000000000
-1432733.37500000000000000000

7183028
7192120
-0.37
-2273.00000000000000000000
-1435003.37500000000000000000

7192120
7201208
-0.37
-2272.00000000000000000000
-1437276.37500000000000000000

7201208
7210284
-0.37
-2269.00000000000000000000
-1439548.37500000000000000000

7210284
7219360
-0.37
-2269.00000000000000000000
-1441817.37500000000000000000

7219360
7228456
-0.37
-2274.00000000000000000000
-1444086.37500000000000000000

7228456
7237532
-0.37
-2269.00000000000000000000
-1446360.37500000000000000000

7237532
7246612
-0.37
-2270.00000000000000000000
-1448629.37500000000000000000

7246612
7255696
-0.37
-2271.00000000000000000000
-1450899.37500000000000000000

7255696
7264784
-0.37
-2272.00000000000000000000
-1453170.37500000000000000000

7264784
7273856
-0.37
-2268.00000000000000000000
-1455442.37500000000000000000

7273856
7282932
-0.37
-2269.00000000000000000000
-1457710.37500000000000000000

7282932
7292008
-0.37
-2269.00000000000000000000
-1459979.37500000000000000000

7292008
7301080
-0.37
-2268.00000000000000000000
-1462248.37500000000000000000

7301080
7310160
-0.37
-2270.00000000000000000000
-1464516.37500000000000000000

7310160
7319244
-0.37
-2271.00000000000000000000
-1466786.37500000000000000000

7319244
7328336
-0.37
-2273.00000000000000000000
-1469057.37500000000000000000

7328336
7337412
-0.37
-2269.00000000000000000000
-1471330.37500000000000000000

7337412
7346488
-0.37
-2269.00000000000000000000
-1473599.37500000000000000000

7346488
7355568
-0.37
-2270.00000000000000000000
-1475868.37500000000000000000

7355568
7364652
-0.37
-2271.00000000000000000000
-1478138.37500000000000000000

7364652
7373744
-0.37
-2273.00000000000000000000
-1480409.37500000000000000000

7373744
7382836
-0.37
-2273.00000000000000000000
-1482682.37500000000000000000

7382836
7391916
-0.37
-2270.00000000000000000000
-1484955.37500000000000000000

7391916
7401004
-0.37
-2272.00000000000000000000
-1487225.37500000000000000000

7401004
7410096
-0.37
-2273.00000000000000000000
-1489497.37500000000000000000

7410096
7419184
-0.37
-2272.00000000000000000000
-1491770.37500000000000000000

7419184
7428260
-0.37
-2269.00000000000000000000
-1494042.37500000000000000000

7428260
7437344
-0.37
-2271.00000000000000000000
-1496311.37500000000000000000

7437344
7446420
-0.37
-2269.00000000000000000000
-1498582.37500000000000000000

7446420
7455500
-0.37
-2270.00000000000000000000
-1500851.37500000000000000000

7455500
7464580
-0.37
-2270.00000000000000000000
-1503121.37500000000000000000

7464580
7473668
-0.37
-2272.00000000000000000000
-1505391.37500000000000000000

7473668
7482744
-0.37
-2269.00000000000000000000
-1507663.37500000000000000000

7482744
7491820
-0.37
-2269.00000000000000000000
-1509932.37500000000000000000

V Shunt
-0.38 mV
BAT COULOMB
-1808399.00 C
BAT PERCENT
-7411143200.00 %
BAT COULOMB
-2308713.00 C
BAT PERCENT
-9212375000.00 %
BAT COULOMB
-2808848.80 C
BAT PERCENT
-11012929000.00
BAT COULOMB
-3308842.80 C
BAT PERCENT
-12812828000.00
BAT COULOMB
-3809537.80 C
BAT PERCENT
-14615409000.00
BAT COULOMB
-4310282.00 C
BAT PERCENT
-16418275000.00
