50
V bat
41
52.55 V
40
V Shunt
41
0.25 mV
50
V bat
41
52.55 V
40
V Shunt
41
0.25 mV
50
V bat
41
52.55 V
40
V Shunt
41
0.25 mV
50
V bat
41
52.55 V
40
V Shunt
41
0.25 mV
50
V bat
41
52.55 V
40
V Shunt
41
0.25 mV
50
V bat
41
52.14 V
40
V Shunt
41
0.25 mV
50
V bat
41
52.04 V
40
V Shunt
41
0.25 mV
50
V bat
41
52.04 V
40
V Shunt
41
0.25 mV
50
V bat
41
51.52 V
40
V Shunt
41
0.25 mV
50
V bat
41
43.62 V
40
V Shunt
41
0.00 mV
50
V bat
51
9.24 V
40
V Shunt
41
0.00 mV
50
V bat
41
17.96 V
40
V Shunt
41
0.13 mV
50
V bat
41
59.74 V
40
V Shunt
41
0.25 mV
50
V bat
41
101.51 V
40
V Shunt
41
0.38 mV
50
V bat
41
102.64 V
40
V Shunt
41
0.38 mV
50
V bat
41
79.13 V
40
V Shunt
41
0.38 mV
50
V bat
41
79.24 V
40
V Shunt
41
0.38 mV
50
V bat
41
79.24 V
40
V Shunt
41
0.38 mV
50
V bat
41
79.13 V
40
V Shunt
41
0.38 mV
50
V bat
41
79.13 V
