50
V bat
41
24.43 V
40
V Shunt
41
0.13 mV
50
V bat
41
25.15 V
40
V Shunt
41
0.13 mV
50
V bat
51
5.23 V
40
V Shunt
41
0.00 mV
50
V bat
41
47.62 V
40
V Shunt
41
0.25 mV
50
V bat
41
92.48 V
40
V Shunt
41
0.38 mV
50
V bat
41
92.17 V
40
V Shunt
41
0.38 mV
50
V bat
41
88.37 V
40
V Shunt
41
0.38 mV
50
V bat
41
53.89 V
40
V Shunt
41
0.25 mV
50
V bat
41
53.99 V
40
V Shunt
41
0.25 mV
50
V bat
41
53.99 V
40
V Shunt
41
0.25 mV
50
V bat
41
53.99 V
40
V Shunt
41
0.25 mV
50
V bat
41
53.99 V
40
V Shunt
41
0.25 mV
50
V bat
41
53.68 V
40
V Shunt
41
0.25 mV
50
V bat
41
53.78 V
40
V Shunt
41
0.25 mV
50
V bat
41
53.99 V
40
V Shunt
41
0.25 mV
50
V bat
41
53.99 V
40
V Shunt
41
0.25 mV
50
V bat
41
53.99 V
40
V Shunt
41
0.25 mV
50
V bat
41
54.09 V
40
V Shunt
41
0.25 mV
50
V bat
41
54.09 V
40
V Shunt
41
0.25 mV
50
V bat
41
54.09 V
40
V Shunt
41
0.25 mV
50
V bat
41
54.09 V
40
V Shunt
41
0.25 mV
50
V bat
41
53.68 V
40
V Shunt
41
0.25 mV
50
V bat
41
53.78 V
40
V Shunt
41
0.25 mV
50
V bat
41
53.78 V
40
V Shunt
41
0.25 mV
50
V bat
41
54.09 V
40
V Shunt
41
0.25 mV
50
V bat
41
54.09 V
40
V Shunt
41
0.25 mV
50
V bat
41
54.09 V
40
V Shunt
41
0.25 mV
50
V bat
41
53.99 V
40
V Shunt
41
0.25 mV
50
V bat
41
53.99 V
40
V Shunt
41
0.25 mV
50
V bat
41
53.99 V
40
V Shunt
41
0.25 mV
50
V bat
41
53.99 V
40
V Shunt
41
0.25 mV
50
V bat
41
54.09 V
40
V Shunt
41
0.25 mV
50
V bat
41
53.99 V
40
V Shunt
41
0.25 mV
50
V bat
41
54.09 V
40
V Shunt
41
0.25 mV
50
V bat
41
53.99 V
40
V Shunt
41
0.25 mV
50
V bat
41
54.09 V
40
V Shunt
41
0.25 mV
50
V bat
41
53.99 V
40
V Shunt
41
0.25 mV
50
V bat
41
53.89 V
40
V Shunt
41
0.25 mV
50
V bat
41
53.99 V
40
V Shunt
41
0.25 mV
50
V bat
41
53.89 V
40
V Shunt
41
0.25 mV
50
V bat
41
54.09 V
40
V Shunt
41
0.25 mV
50
V bat
41
53.99 V
40
V Shunt
41
0.25 mV
50
V bat
41
53.78 V
40
V Shunt
41
0.25 mV
50
V bat
41
53.78 V
40
V Shunt
41
0.25 mV
50
V bat
41
53.78 V
40
V Shunt
41
0.25 mV
50
V bat
41
53.68 V
40
V Shunt
41
0.25 mV
50
V bat
41
53.68 V
40
V Shunt
41
0.25 mV
50
V bat
41
53.58 V
40
V Shunt
41
0.25 mV
50
V bat
41
53.48 V
40
V Shunt
41
0.25 mV
50
V bat
41
53.48 V
40
V Shunt
41
0.25 mV
50
V bat
41
53.06 V
40
V Shunt
41
0.25 mV
50
V bat
41
52.65 V
40
V Shunt
41
0.25 mV
50
V bat
41
51.94 V
40
V Shunt
41
0.25 mV
50
V bat
41
51.94 V
40
V Shunt
41
0.25 mV
50
V bat
41
52.24 V
40
V Shunt
41
0.25 mV
50
V bat
41
52.24 V
40
V Shunt
41
0.25 mV
50
V bat
41
52.24 V
40
V Shunt
41
0.25 mV
50
V bat
41
52.35 V
40
V Shunt
41
0.25 mV
50
V bat
41
52.24 V
40
V Shunt
41
0.25 mV
50
V bat
41
52.24 V
40
V Shunt
41
0.25 mV
50
V bat
41
52.35 V
40
V Shunt
41
0.25 mV
50
V bat
41
52.35 V
40
V Shunt
41
0.25 mV
50
V bat
41
52.35 V
40
V Shunt
41
0.25 mV
50
V bat
41
52.35 V
40
V Shunt
41
0.25 mV
50
V bat
41
52.35 V
40
V Shunt
41
0.25 mV
50
V bat
41
52.35 V
40
V Shunt
41
0.25 mV
50
V bat
41
52.35 V
40
V Shunt
41
0.25 mV
50
V bat
41
52.35 V
40
V Shunt
41
0.25 mV
50
V bat
41
52.24 V
40
V Shunt
41
0.25 mV
50
V bat
41
52.24 V
40
V Shunt
41
0.25 mV
50
V bat
41
52.24 V
40
V Shunt
41
0.25 mV
50
V bat
41
52.24 V
40
V Shunt
41
0.25 mV
50
V bat
41
52.24 V
40
V Shunt
41
0.25 mV
50
V bat
41
52.14 V
40
V Shunt
41
0.25 mV
50
V bat
41
52.24 V
40
V Shunt
41
0.25 mV
50
V bat
41
52.35 V
40
V Shunt
41
0.25 mV
50
V bat
41
52.24 V
40
V Shunt
41
0.25 mV
50
V bat
41
52.24 V
40
V Shunt
41
0.25 mV
50
V bat
41
52.24 V
40
V Shunt
41
0.25 mV
50
V bat
41
52.24 V
40
V Shunt
41
0.25 mV
50
V bat
41
52.24 V
40
V Shunt
41
0.25 mV
50
V bat
41
52.24 V
40
V Shunt
41
0.25 mV
50
V bat
41
52.24 V
40
V Shunt
41
0.25 mV
50
V bat
41
52.35 V
40
V Shunt
41
0.25 mV
50
V bat
41
52.35 V
40
V Shunt
41
0.25 mV
50
V bat
41
52.35 V
40
V Shunt
41
0.25 mV
50
V bat
41
52.45 V
40
V Shunt
41
0.25 mV
50
V bat
41
52.45 V
40
V Shunt
41
0.25 mV
50
V bat
41
52.45 V
40
V Shunt
41
0.25 mV
50
V bat
41
53.37 V
40
V Shunt
41
0.25 mV
50
V bat
41
53.27 V
40
V Shunt
41
0.25 mV
50
V bat
41
53.27 V
40
V Shunt
41
0.25 mV
50
V bat
41
53.27 V
40
V Shunt
41
0.25 mV
50
V bat
41
53.27 V
40
V Shunt
41
0.25 mV
50
V bat
41
53.17 V
40
V Shunt
41
0.25 mV
50
V bat
41
53.27 V
40
V Shunt
41
0.25 mV
50
V bat
41
53.27 V
40
V Shunt
41
0.25 mV
50
V bat
41
53.17 V
40
V Shunt
41
0.25 mV
50
V bat
41
53.17 V
40
V Shunt
41
0.25 mV
50
V bat
41
53.06 V
40
V Shunt
41
0.25 mV
50
V bat
41
52.96 V
40
V Shunt
41
0.25 mV
50
V bat
41
53.06 V
40
V Shunt
41
0.25 mV
50
V bat
41
53.06 V
40
V Shunt
41
0.25 mV
50
V bat
41
52.96 V
40
V Shunt
41
0.25 mV
50
V bat
41
52.76 V
40
V Shunt
41
0.25 mV
50
V bat
41
52.65 V
40
V Shunt
41
0.25 mV
50
V bat
41
52.24 V
40
V Shunt
41
0.25 mV
50
V bat
41
52.04 V
40
V Shunt
41
0.25 mV
50
V bat
41
51.83 V
40
V Shunt
41
0.25 mV
50
V bat
41
51.83 V
40
V Shunt
41
0.25 mV
50
V bat
41
51.63 V
40
V Shunt
41
0.25 mV
50
V bat
41
51.63 V
40
V Shunt
41
0.25 mV
50
V bat
41
51.63 V
40
V Shunt
41
0.25 mV
50
V bat
41
51.42 V
40
V Shunt
41
0.25 mV
50
V bat
41
51.01 V
40
V Shunt
41
0.25 mV
50
V bat
41
50.81 V
40
V Shunt
41
0.25 mV
50
V bat
41
53.17 V
40
V Shunt
41
0.25 mV
50
V bat
41
53.37 V
40
V Shunt
41
0.25 mV
50
V bat
41
53.58 V
40
V Shunt
41
0.25 mV
50
V bat
41
53.58 V
40
V Shunt
41
0.25 mV
50
V bat
41
53.58 V
40
V Shunt
41
0.25 mV
50
V bat
41
53.58 V
40
V Shunt
41
0.25 mV
50
V bat
41
53.68 V
40
V Shunt
41
0.25 mV
50
V bat
41
53.68 V
40
V Shunt
41
0.25 mV
50
V bat
41
53.68 V
40
V Shunt
41
0.25 mV
50
V bat
41
53.78 V
40
V Shunt
41
0.25 mV
50
V bat
41
53.78 V
40
V Shunt
41
0.25 mV
50
V bat
41
53.78 V
40
V Shunt
41
0.25 mV
50
V bat
41
53.78 V
40
V Shunt
41
0.25 mV
50
V bat
41
53.78 V
40
V Shunt
41
0.25 mV
50
V bat
41
53.78 V
40
V Shunt
41
0.25 mV
50
V bat
41
53.68 V
40
V Shunt
41
0.25 mV
50
V bat
41
53.68 V
40
V Shunt
41
0.25 mV
50
V bat
41
53.68 V
40
V Shunt
41
0.25 mV
50
V bat
41
52.76 V
40
V Shunt
41
0.25 mV
50
V bat
41
52.55 V
40
V Shunt
41
0.25 mV
50
V bat
41
52.24 V
40
V Shunt
41
0.25 mV
50
V bat
41
50.91 V
40
V Shunt
41
0.25 mV
50
V bat
41
51.22 V
40
V Shunt
41
0.25 mV
50
V bat
41
52.24 V
40
V Shunt
41
0.25 mV
50
V bat
41
52.04 V
40
V Shunt
41
0.25 mV
50
V bat
41
51.83 V
40
V Shunt
41
0.25 mV
50
V bat
41
51.52 V
40
V Shunt
41
0.25 mV
50
V bat
41
51.83 V
40
V Shunt
41
0.25 mV
50
V bat
41
52.04 V
40
V Shunt
41
0.25 mV
50
V bat
41
52.04 V
40
V Shunt
41
0.25 mV
50
V bat
41
52.14 V
40
V Shunt
41
0.25 mV
50
V bat
41
52.35 V
40
V Shunt
41
0.25 mV
50
V bat
41
52.35 V
40
V Shunt
41
0.25 mV
50
V bat
41
52.24 V
40
V Shunt
41
0.13 mV
50
V bat
41
52.24 V
40
V Shunt
41
0.25 mV
50
V bat
41
52.35 V
40
V Shunt
41
0.25 mV
50
V bat
41
52.35 V
40
V Shunt
41
0.25 mV
50
V bat
41
52.35 V
40
V Shunt
41
0.25 mV
50
V bat
41
52.35 V
40
V Shunt
41
0.25 mV
50
V bat
41
52.35 V
40
V Shunt
41
0.25 mV
50
V bat
41
52.35 V
40
V Shunt
41
0.25 mV
50
V bat
41
52.24 V
40
V Shunt
41
0.25 mV
50
V bat
41
52.24 V
40
V Shunt
41
0.25 mV
50
V bat
41
52.35 V
40
V Shunt
41
0.25 mV
50
V bat
41
51.42 V
40
V Shunt
41
0.25 mV
50
V bat
41
51.63 V
40
V Shunt
41
0.25 mV
50
V bat
41
51.63 V
40
V Shunt
41
0.25 mV
