battery_voltage	64.00
battery_capacity_ah	100.00
battery_capacity_coulomb	360000.00
shunt_voltage	0.08


===================
SHUNT_RESISTANCE	0.00
SHUNT_MULTIPLIER	0.01
BATTERY_CAPACITY_AH	100.00
BATTERY_CAPACITY_COULOMB	360000.00


===================
Success ADS
Success to initialize ADS.
5671952
5671952
-1417988.00000000000000000000
360000.00000000000000000000

5680684
5680684
-2183.00000000000000000000
-1057988.00000000000000000000

5689304
5689304
-2155.00000000000000000000
-1060171.00000000000000000000

5697924
5697924
-2155.00000000000000000000
-1062326.00000000000000000000

5706552
5706552
-2157.00000000000000000000
-1064481.00000000000000000000

5715172
5715172
-2155.00000000000000000000
-1066638.00000000000000000000

5723800
5723800
-2157.00000000000000000000
-1068793.00000000000000000000

5732424
5732424
-2156.00000000000000000000
-1070950.00000000000000000000

5741060
5741060
-2159.00000000000000000000
-1073106.00000000000000000000

5749684
5749684
-2156.00000000000000000000
-1075265.00000000000000000000

5758324
5758324
-2160.00000000000000000000
-1077421.00000000000000000000

5766960
5766960
-2159.00000000000000000000
-1079581.00000000000000000000

5775588
5775588
-2157.00000000000000000000
-1081740.00000000000000000000

5784212
5784212
-2156.00000000000000000000
-1083897.00000000000000000000

5792836
5792836
-2156.00000000000000000000
-1086053.00000000000000000000

5801460
5801460
-2156.00000000000000000000
-1088209.00000000000000000000

5810088
5810088
-2157.00000000000000000000
-1090365.00000000000000000000

5818720
5818720
-2158.00000000000000000000
-1092522.00000000000000000000

5827344
5827344
-2156.00000000000000000000
-1094680.00000000000000000000

5835968
5835968
-2156.00000000000000000000
-1096836.00000000000000000000

5844596
5844596
-2157.00000000000000000000
-1098992.00000000000000000000

5853236
5853236
-2160.00000000000000000000
-1101149.00000000000000000000

5861860
5861860
-2156.00000000000000000000
-1103309.00000000000000000000

5870484
5870484
-2156.00000000000000000000
-1105465.00000000000000000000

5879108
5879108
-2156.00000000000000000000
-1107621.00000000000000000000

5887732
5887732
-2156.00000000000000000000
-1109777.00000000000000000000

5896360
5896360
-2157.00000000000000000000
-1111933.00000000000000000000

5904996
5904996
-2159.00000000000000000000
-1114090.00000000000000000000

5913636
5913636
-2160.00000000000000000000
-1116249.00000000000000000000

5922264
5922264
-2157.00000000000000000000
-1118409.00000000000000000000

5930888
5930888
-2156.00000000000000000000
-1120566.00000000000000000000

5939512
5939512
-2156.00000000000000000000
-1122722.00000000000000000000

5948136
5948136
-2156.00000000000000000000
-1124878.00000000000000000000

5956764
5956764
-2157.00000000000000000000
-1127034.00000000000000000000

5965400
5965400
-2159.00000000000000000000
-1129191.00000000000000000000

5974040
5974040
-2160.00000000000000000000
-1131350.00000000000000000000

5982680
5982680
-2160.00000000000000000000
-1133510.00000000000000000000

5991304
5991304
-2156.00000000000000000000
-1135670.00000000000000000000

5999928
5999928
-2156.00000000000000000000
-1137826.00000000000000000000

6008564
6008564
-2159.00000000000000000000
-1139982.00000000000000000000

6017192
6017192
-2157.00000000000000000000
-1142141.00000000000000000000

6025824
6025824
-2158.00000000000000000000
-1144298.00000000000000000000

6034464
6034464
-2160.00000000000000000000
-1146456.00000000000000000000

6043100
6043100
-2159.00000000000000000000
-1148616.00000000000000000000

6051724
6051724
-2156.00000000000000000000
-1150775.00000000000000000000

6060348
6060348
-2156.00000000000000000000
-1152931.00000000000000000000

6068972
6068972
-2156.00000000000000000000
-1155087.00000000000000000000

6077600
6077600
-2157.00000000000000000000
-1157243.00000000000000000000

6086236
6086236
-2159.00000000000000000000
-1159400.00000000000000000000

6094880
6094880
-2161.00000000000000000000
-1161559.00000000000000000000

6103516
6103516
-2159.00000000000000000000
-1163720.00000000000000000000

6112156
6112156
-2160.00000000000000000000
-1165879.00000000000000000000

6120784
6120784
-2157.00000000000000000000
-1168039.00000000000000000000

6129420
6129420
-2159.00000000000000000000
-1170196.00000000000000000000

6138044
6138044
-2156.00000000000000000000
-1172355.00000000000000000000

6146676
6146676
-2158.00000000000000000000
-1174511.00000000000000000000

6155312
6155312
-2159.00000000000000000000
-1176669.00000000000000000000

6163948
6163948
-2159.00000000000000000000
-1178828.00000000000000000000

6172576
6172576
-2157.00000000000000000000
-1180987.00000000000000000000

6181200
6181200
-2156.00000000000000000000
-1183144.00000000000000000000

6189836
6189836
-2159.00000000000000000000
-1185300.00000000000000000000

6198460
6198460
-2156.00000000000000000000
-1187459.00000000000000000000

6207084
6207084
-2156.00000000000000000000
-1189615.00000000000000000000

6215724
6215724
-2160.00000000000000000000
-1191771.00000000000000000000

6224348
6224348
-2156.00000000000000000000
-1193931.00000000000000000000

6232972
6232972
-2156.00000000000000000000
-1196087.00000000000000000000

6241596
6241596
-2156.00000000000000000000
-1198243.00000000000000000000

6250220
6250220
-2156.00000000000000000000
-1200399.00000000000000000000

6258848
6258848
-2157.00000000000000000000
-1202555.00000000000000000000

6267480
6267480
-2158.00000000000000000000
-1204712.00000000000000000000

6276120
6276120
-2160.00000000000000000000
-1206870.00000000000000000000

6284760
6284760
-2160.00000000000000000000
-1209030.00000000000000000000

6293396
6293396
-2159.00000000000000000000
-1211190.00000000000000000000

6302024
6302024
-2157.00000000000000000000
-1213349.00000000000000000000

6310660
6310660
-2159.00000000000000000000
-1215506.00000000000000000000

6319284
6319284
-2156.00000000000000000000
-1217665.00000000000000000000

6327908
6327908
-2156.00000000000000000000
-1219821.00000000000000000000

6336564
6336564
-2164.00000000000000000000
-1221977.00000000000000000000

6345196
6345196
-2158.00000000000000000000
-1224141.00000000000000000000

6353828
6353828
-2158.00000000000000000000
-1226299.00000000000000000000

6362460
6362460
-2158.00000000000000000000
-1228457.00000000000000000000

6371084
6371084
-2156.00000000000000000000
-1230615.00000000000000000000

6379708
6379708
-2156.00000000000000000000
-1232771.00000000000000000000

6388332
6388332
-2156.00000000000000000000
-1234927.00000000000000000000

6396976
6396976
-2161.00000000000000000000
-1237083.00000000000000000000

6405612
6405612
-2159.00000000000000000000
-1239244.00000000000000000000

6414228
6414228
-2154.00000000000000000000
-1241403.00000000000000000000

6422856
6422856
-2157.00000000000000000000
-1243557.00000000000000000000

6431476
6431476
-2155.00000000000000000000
-1245714.00000000000000000000

6440108
6440108
-2158.00000000000000000000
-1247869.00000000000000000000

6448740
6448740
-2158.00000000000000000000
-1250027.00000000000000000000

6457380
6457380
-2160.00000000000000000000
-1252185.00000000000000000000

6466008
6466008
-2157.00000000000000000000
-1254345.00000000000000000000

6474632
6474632
-2156.00000000000000000000
-1256502.00000000000000000000

6483256
6483256
-2156.00000000000000000000
-1258658.00000000000000000000

6491880
6491880
-2156.00000000000000000000
-1260814.00000000000000000000

6500508
6500508
-2157.00000000000000000000
-1262970.00000000000000000000

6509132
6509132
-2156.00000000000000000000
-1265127.00000000000000000000

6517776
6517776
-2161.00000000000000000000
-1267283.00000000000000000000

6526396
6526396
-2155.00000000000000000000
-1269444.00000000000000000000

6535036
6535036
-2160.00000000000000000000
-1271599.00000000000000000000

6543664
6543664
-2157.00000000000000000000
-1273759.00000000000000000000

6552300
6552300
-2159.00000000000000000000
-1275916.00000000000000000000

6560932
6560932
-2158.00000000000000000000
-1278075.00000000000000000000

6569556
6569556
-2156.00000000000000000000
-1280233.00000000000000000000

6578196
6578196
-2160.00000000000000000000
-1282389.00000000000000000000

6586820
6586820
-2156.00000000000000000000
-1284549.00000000000000000000

6595444
6595444
-2156.00000000000000000000
-1286705.00000000000000000000

6604064
6604064
-2155.00000000000000000000
-1288861.00000000000000000000

6612688
6612688
-2156.00000000000000000000
-1291016.00000000000000000000

6621324
6621324
-2159.00000000000000000000
-1293172.00000000000000000000

6629956
6629956
-2158.00000000000000000000
-1295331.00000000000000000000

6638596
6638596
-2160.00000000000000000000
-1297489.00000000000000000000

6647220
6647220
-2156.00000000000000000000
-1299649.00000000000000000000

6655844
6655844
-2156.00000000000000000000
-1301805.00000000000000000000

6664468
6664468
-2156.00000000000000000000
-1303961.00000000000000000000

V bat
74.72 V
6698168
6698168
-8425.00000000000000000000
-1306117.00000000000000000000

6706796
6706796
-2157.00000000000000000000
-1314542.00000000000000000000

6715436
6715436
-2160.00000000000000000000
-1316699.00000000000000000000

6724060
6724060
-2156.00000000000000000000
-1318859.00000000000000000000

6732680
6732680
-2155.00000000000000000000
-1321015.00000000000000000000

6741304
6741304
-2156.00000000000000000000
-1323170.00000000000000000000

6749928
6749928
-2156.00000000000000000000
-1325326.00000000000000000000

6758556
6758556
-2157.00000000000000000000
-1327482.00000000000000000000

6767180
6767180
-2156.00000000000000000000
-1329639.00000000000000000000

6775824
6775824
-2161.00000000000000000000
-1331795.00000000000000000000

6784444
6784444
-2155.00000000000000000000
-1333956.00000000000000000000

6793060
6793060
-2154.00000000000000000000
-1336111.00000000000000000000

6801688
6801688
-2157.00000000000000000000
-1338265.00000000000000000000

6810308
6810308
-2155.00000000000000000000
-1340422.00000000000000000000

6818936
6818936
-2157.00000000000000000000
-1342577.00000000000000000000

6827552
6827552
-2154.00000000000000000000
-1344734.00000000000000000000

6836176
6836176
-2156.00000000000000000000
-1346888.00000000000000000000

6844800
6844800
-2156.00000000000000000000
-1349044.00000000000000000000

6853428
6853428
-2157.00000000000000000000
-1351200.00000000000000000000

6862052
6862052
-2156.00000000000000000000
-1353357.00000000000000000000

6870676
6870676
-2156.00000000000000000000
-1355513.00000000000000000000

6879304
6879304
-2157.00000000000000000000
-1357669.00000000000000000000

6887940
6887940
-2159.00000000000000000000
-1359826.00000000000000000000

6896572
6896572
-2158.00000000000000000000
-1361985.00000000000000000000

6905204
6905204
-2158.00000000000000000000
-1364143.00000000000000000000

6913840
6913840
-2159.00000000000000000000
-1366301.00000000000000000000

6922468
6922468
-2157.00000000000000000000
-1368460.00000000000000000000

6931088
6931088
-2155.00000000000000000000
-1370617.00000000000000000000

6939712
6939712
-2156.00000000000000000000
-1372772.00000000000000000000

6948348
6948348
-2159.00000000000000000000
-1374928.00000000000000000000

6956976
6956976
-2157.00000000000000000000
-1377087.00000000000000000000

6965616
6965616
-2160.00000000000000000000
-1379244.00000000000000000000

6974236
6974236
-2155.00000000000000000000
-1381404.00000000000000000000

6982860
6982860
-2156.00000000000000000000
-1383559.00000000000000000000

6991488
6991488
-2157.00000000000000000000
-1385715.00000000000000000000

7000116
7000116
-2157.00000000000000000000
-1387872.00000000000000000000

7008740
7008740
-2156.00000000000000000000
-1390029.00000000000000000000

7017364
7017364
-2156.00000000000000000000
-1392185.00000000000000000000

7025988
7025988
-2156.00000000000000000000
-1394341.00000000000000000000

7034612
7034612
-2156.00000000000000000000
-1396497.00000000000000000000

7043240
7043240
-2157.00000000000000000000
-1398653.00000000000000000000

7051876
7051876
-2159.00000000000000000000
-1400810.00000000000000000000

7060516
7060516
-2160.00000000000000000000
-1402969.00000000000000000000

7069144
7069144
-2157.00000000000000000000
-1405129.00000000000000000000

7077768
7077768
-2156.00000000000000000000
-1407286.00000000000000000000

7086392
7086392
-2156.00000000000000000000
-1409442.00000000000000000000

7095016
7095016
-2156.00000000000000000000
-1411598.00000000000000000000

7103644
7103644
-2157.00000000000000000000
-1413754.00000000000000000000

7112284
7112284
-2160.00000000000000000000
-1415911.00000000000000000000

7120928
7120928
-2161.00000000000000000000
-1418071.00000000000000000000

7129564
7129564
-2159.00000000000000000000
-1420232.00000000000000000000

7138188
7138188
-2156.00000000000000000000
-1422391.00000000000000000000

7146812
7146812
-2156.00000000000000000000
-1424547.00000000000000000000

7155436
7155436
-2156.00000000000000000000
-1426703.00000000000000000000

7164064
7164064
-2157.00000000000000000000
-1428859.00000000000000000000

7172700
7172700
-2159.00000000000000000000
-1431016.00000000000000000000

7181344
7181344
-2161.00000000000000000000
-1433175.00000000000000000000

7189980
7189980
-2159.00000000000000000000
-1435336.00000000000000000000

7198604
7198604
-2156.00000000000000000000
-1437495.00000000000000000000

7207228
7207228
-2156.00000000000000000000
-1439651.00000000000000000000

7215852
7215852
-2156.00000000000000000000
-1441807.00000000000000000000

7224480
7224480
-2157.00000000000000000000
-1443963.00000000000000000000

7233112
7233112
-2158.00000000000000000000
-1446120.00000000000000000000

7241752
7241752
-2160.00000000000000000000
-1448278.00000000000000000000

7250380
7250380
-2157.00000000000000000000
-1450438.00000000000000000000

7259004
7259004
-2156.00000000000000000000
-1452595.00000000000000000000

7267628
7267628
-2156.00000000000000000000
-1454751.00000000000000000000

7276252
7276252
-2156.00000000000000000000
-1456907.00000000000000000000

7284884
7284884
-2158.00000000000000000000
-1459063.00000000000000000000

7293512
7293512
-2157.00000000000000000000
-1461221.00000000000000000000

7302156
7302156
-2161.00000000000000000000
-1463378.00000000000000000000

7310776
7310776
-2155.00000000000000000000
-1465539.00000000000000000000

7319412
7319412
-2159.00000000000000000000
-1467694.00000000000000000000

7328040
7328040
-2157.00000000000000000000
-1469853.00000000000000000000

7336664
7336664
-2156.00000000000000000000
-1472010.00000000000000000000

7345292
7345292
-2157.00000000000000000000
-1474166.00000000000000000000

7353928
7353928
-2159.00000000000000000000
-1476323.00000000000000000000

7362568
7362568
-2160.00000000000000000000
-1478482.00000000000000000000

7371192
7371192
-2156.00000000000000000000
-1480642.00000000000000000000

7379828
7379828
-2159.00000000000000000000
-1482798.00000000000000000000

7388456
7388456
-2157.00000000000000000000
-1484957.00000000000000000000

7397080
7397080
-2156.00000000000000000000
-1487114.00000000000000000000

7405708
7405708
-2157.00000000000000000000
-1489270.00000000000000000000

V Shunt
-0.38 mV
BAT COULOMB
-1808116.00 C
BAT PERCENT
-7411661800.00 %
BAT COULOMB
-2308656.00 C
BAT PERCENT
-9211132900.00 %
BAT COULOMB
-2808502.00 C
