battery_voltage	64.00
battery_capacity_ah	100.00
battery_capacity_coulomb	360000.00
shunt_voltage	0.08


===================
SHUNT_RESISTANCE	0.00
SHUNT_MULTIPLIER	0.01
BATTERY_CAPACITY_AH	100.00
BATTERY_CAPACITY_COULOMB	360000.00


===================
Success ADS
Success to initialize ADS.
V bat
76.57 V
V Shunt
-0.38 mV
BAT COULOMB
-1807308.00 C
BAT PERCENT
-7408443900.00 %
BAT COULOMB
-2308294.00 C
BAT PERCENT
-9210387500.00 %
BAT COULOMB
-2808841.00 C
BAT PERCENT
-11013937000.00
BAT COULOMB
-3309448.00 C
BAT PERCENT
-12816209000.00
BAT COULOMB
-3810101.00 C
BAT PERCENT
-14615247000.00
BAT COULOMB
-4309839.00 C
BAT PERCENT
-16413673000.00
BAT COULOMB
-4808965.00 C
BAT PERCENT
-18212137000.00
BAT COULOMB
-5309679.00 C
BAT PERCENT
-20014744000.00
BAT COULOMB
-5809595.00 C
BAT PERCENT
-21815015000.00
BAT COULOMB
-6309952.00 C
BAT PERCENT
-23616403000.00
BAT COULOMB
-6810367.00 C
BAT PERCENT
-25417779000.00
BAT COULOMB
-7310740.00 C
BAT PERCENT
-27221414000.00
BAT COULOMB
-7811671.00 C
BAT PERCENT
-29021577000.00
BAT COULOMB
-8311757.50 C
BAT PERCENT
-30822789000.00
BAT COULOMB
-8812181.00 C
BAT PERCENT
-32623696000.00
BAT COULOMB
-9312407.00 C
BAT PERCENT
-34425315000.00
BAT COULOMB
-9812863.00 C
BAT PERCENT
-36227068000.00
BAT COULOMB
-10313383.00 C
BAT PERCENT
-38026863000.00
BAT COULOMB
-10813116.00 C
BAT PERCENT
-39826788000.00
BAT COULOMB
-11313293.00 C
BAT PERCENT
-41625690000.00
BAT COULOMB
-11812986.00 C
BAT PERCENT
-43428733000.00
BAT COULOMB
-12313591.00 C
BAT PERCENT
-45230871000.00
BAT COULOMB
-12814408.00 C
BAT PERCENT
-47033020000.00
BAT COULOMB
-13315042.00 C
BAT PERCENT
-48836162000.00
BAT COULOMB
-13815875.00 C
BAT PERCENT
-50639176000.00
BAT COULOMB
-14316750.00 C
BAT PERCENT
-52442370000.00
BAT COULOMB
-14817624.00 C
BAT PERCENT
-54243074000.00
BAT COULOMB
-15317837.00 C
BAT PERCENT
-56043868000.00
BAT COULOMB
-15818061.00 C
BAT PERCENT
-57844748000.00
BAT COULOMB
-16318300.00 C
BAT PERCENT
-59645526000.00
BAT COULOMB
-16818522.00 C
BAT PERCENT
-61446357000.00
BAT COULOMB
-17318732.00 C
BAT PERCENT
-63247110000.00
BAT COULOMB
-17818940.00 C
BAT PERCENT
-65047966000.00
BAT COULOMB
-18319212.00 C
BAT PERCENT
-66848801000.00
BAT COULOMB
-18819452.00 C
BAT PERCENT
-68652220000.00
BAT COULOMB
-19320392.00 C
BAT PERCENT
-70455583000.00
BAT COULOMB
-19821302.00 C
BAT PERCENT
-72258896000.00
BAT COULOMB
-20322240.00 C
BAT PERCENT
-74062143000.00
BAT COULOMB
-20823124.00 C
BAT PERCENT
-75865391000.00
BAT COULOMB
-21324022.00 C
BAT PERCENT
-77668614000.00
BAT COULOMB
-21824972.00 C
BAT PERCENT
-79472034000.00
BAT COULOMB
-22325886.00 C
BAT PERCENT
-81275380000.00
BAT COULOMB
-22826834.00 C
BAT PERCENT
-83078758000.00
BAT COULOMB
-23327772.00 C
BAT PERCENT
-84882096000.00
BAT COULOMB
-23828682.00 C
BAT PERCENT
-86685385000.00
BAT COULOMB
-24329614.00 C
BAT PERCENT
-88488722000.00
BAT COULOMB
-24830524.00 C
BAT PERCENT
-90291986000.00
BAT COULOMB
-25331440.00 C
BAT PERCENT
-92092064000.00
BAT COULOMB
-25831456.00 C
BAT PERCENT
-93892846000.00
BAT COULOMB
-26331684.00 C
BAT PERCENT
-95693849000.00
BAT COULOMB
-26831960.00 C
BAT PERCENT
-97494778000.00
BAT COULOMB
-27332220.00 C
BAT PERCENT
-99295707000.00
BAT COULOMB
-27832232.00 C
BAT PERCENT
-101098180000.0
BAT COULOMB
-28333162.00 C
BAT PERCENT
-102899130000.0
BAT COULOMB
-28833406.00 C
BAT PERCENT
-104699940000.0
BAT COULOMB
-29333650.00 C
BAT PERCENT
-106503250000.0
BAT COULOMB
-29834532.00 C
BAT PERCENT
-108306460000.0
BAT COULOMB
-30335408.00 C
BAT PERCENT
-110109590000.0
BAT COULOMB
-30836316.00 C
BAT PERCENT
-111912780000.0
BAT COULOMB
-31337252.00 C
BAT PERCENT
-113716200000.0
BAT COULOMB
-31838156.00 C
BAT PERCENT
-115519410000.0
BAT COULOMB
-32339042.00 C
BAT PERCENT
-117320130000.0
BAT COULOMB
-32839264.00 C
BAT PERCENT
-119123480000.0
BAT COULOMB
-33340152.00 C
BAT PERCENT
-120923970000.0
BAT COULOMB
-33840624.00 C
BAT PERCENT
-122726970000.0
BAT COULOMB
-34340756.00 C
BAT PERCENT
-124527700000.0
BAT COULOMB
-34840968.00 C
BAT PERCENT
-126328160000.0
BAT COULOMB
-35341112.00 C
BAT PERCENT
-128128880000.0
BAT COULOMB
-35841344.00 C
BAT PERCENT
-129929760000.0
BAT COULOMB
-36341516.00 C
BAT PERCENT
-131730310000.0
BAT COULOMB
-36841712.00 C
BAT PERCENT
-133530920000.0
BAT COULOMB
-37341872.00 C
BAT PERCENT
-135331590000.0
BAT COULOMB
-37842080.00 C
BAT PERCENT
-137132270000.0
BAT COULOMB
-38342200.00 C
BAT PERCENT
-138932680000.0
BAT COULOMB
-38842400.00 C
BAT PERCENT
-140733480000.0
BAT COULOMB
-39342588.00 C
BAT PERCENT
-142534120000.0
BAT COULOMB
-39842780.00 C
BAT PERCENT
-144334860000.0
BAT COULOMB
-40343024.00 C
BAT PERCENT
-146135600000.0
BAT COULOMB
-40843200.00 C
BAT PERCENT
-147936350000.0
BAT COULOMB
-41343412.00 C
BAT PERCENT
-149737080000.0
BAT COULOMB
-41843608.00 C
BAT PERCENT
-151537780000.0
BAT COULOMB
-42343792.00 C
BAT PERCENT
-153338430000.0
BAT COULOMB
-42843964.00 C
BAT PERCENT
-155139260000.0
BAT COULOMB
-43344856.00 C
BAT PERCENT
-156942370000.0
BAT COULOMB
-43845784.00 C
BAT PERCENT
-158745510000.0
BAT COULOMB
-44345936.00 C
BAT PERCENT
-160546110000.0
BAT COULOMB
-44846092.00 C
BAT PERCENT
-162346810000.0
BAT COULOMB
-45346332.00 C
BAT PERCENT
-164147540000.0
BAT COULOMB
-45846500.00 C
BAT PERCENT
-165948180000.0
BAT COULOMB
-46346684.00 C
BAT PERCENT
-167748850000.0
BAT COULOMB
-46846816.00 C
BAT PERCENT
-169549350000.0
BAT COULOMB
-47347000.00 C
BAT PERCENT
-171350110000.0
BAT COULOMB
-47847228.00 C
BAT PERCENT
-173150770000.0
BAT COULOMB
-48347400.00 C
BAT PERCENT
-174951510000.0
BAT COULOMB
-48848300.00 C
BAT PERCENT
-176754660000.0
BAT COULOMB
-49348484.00 C
BAT PERCENT
-178554520000.0
BAT COULOMB
-49848452.00 C
BAT PERCENT
-180355280000.0
BAT COULOMB
-50348676.00 C
BAT PERCENT
-182155950000.0
BAT COULOMB
-50848872.00 C
BAT PERCENT
-183956900000.0
BAT COULOMB
-51349588.00 C
BAT PERCENT
-185759420000.0
BAT COULOMB
-51849796.00 C
BAT PERCENT
-187560130000.0
BAT COULOMB
-52349548.00 C
BAT PERCENT
-189359210000.0
BAT COULOMB
-52849720.00 C
BAT PERCENT
-191159830000.0
BAT COULOMB
-53349936.00 C
BAT PERCENT
-192960660000.0
BAT COULOMB
-53850148.00 C
BAT PERCENT
-194761390000.0
BAT COULOMB
-54351044.00 C
BAT PERCENT
-196564700000.0
BAT COULOMB
-54851964.00 C
BAT PERCENT
-198367900000.0
BAT COULOMB
-55352184.00 C
BAT PERCENT
-200168820000.0
BAT COULOMB
-55852412.00 C
BAT PERCENT
-201969650000.0
BAT COULOMB
-56353344.00 C
BAT PERCENT
-203772790000.0
BAT COULOMB
-56853556.00 C
BAT PERCENT
-205573770000.0
BAT COULOMB
-57353812.00 C
BAT PERCENT
-207374530000.0
BAT COULOMB
-57853972.00 C
