Success ADS
Success to initialize ADS.
V bat
75.75 V
V Shunt
-0.38 mV
BAT COULOMB
-1803858.00 C
BAT PERCENT
-7392783400.00 %
BAT COULOMB
-2303912.00 C
BAT PERCENT
-9193705500.00 %
BAT COULOMB
-2804184.00 C
BAT PERCENT
-10994735000.00
BAT COULOMB
-3304795.00 C
BAT PERCENT
-12796074000.00
BAT COULOMB
-3804481.00 C
BAT PERCENT
-14598205000.00
BAT COULOMB
-4304947.00 C
BAT PERCENT
-16398321000.00
BAT COULOMB
-4805336.00 C
BAT PERCENT
-18199716000.00
BAT COULOMB
-5305735.00 C
BAT PERCENT
-20001157000.00
BAT COULOMB
-5806109.00 C
BAT PERCENT
-21802514000.00
BAT COULOMB
-6306501.00 C
BAT PERCENT
-23603700000.00
BAT COULOMB
-6806579.50 C
BAT PERCENT
-25403433000.00
BAT COULOMB
-7306753.50 C
BAT PERCENT
-27203150000.00
BAT COULOMB
-7806700.00 C
BAT PERCENT
-29004722000.00
BAT COULOMB
-8306884.00 C
BAT PERCENT
-30804492000.00
BAT COULOMB
-8806849.00 C
BAT PERCENT
-32604426000.00
BAT COULOMB
-9307087.00 C
BAT PERCENT
-34405261000.00
BAT COULOMB
-9807293.00 C
BAT PERCENT
-36206916000.00
BAT COULOMB
-10307762.00 C
BAT PERCENT
-38009074000.00
BAT COULOMB
-10808352.00 C
BAT PERCENT
-39811957000.00
BAT COULOMB
-11309159.00 C
BAT PERCENT
-41615065000.00
BAT COULOMB
-11810019.00 C
BAT PERCENT
-43418141000.00
BAT COULOMB
-12310692.00 C
BAT PERCENT
-45220438000.00
BAT COULOMB
-12811569.00 C
BAT PERCENT
-47023722000.00
BAT COULOMB
-13312425.00 C
BAT PERCENT
-48825962000.00
BAT COULOMB
-13812816.00 C
BAT PERCENT
-50625720000.00
BAT COULOMB
-14312764.00 C
BAT PERCENT
-52425495000.00
BAT COULOMB
-14812929.00 C
BAT PERCENT
-54225297000.00
BAT COULOMB
-15312851.00 C
BAT PERCENT
-56025817000.00
BAT COULOMB
-15813023.00 C
BAT PERCENT
-57826480000.00
BAT COULOMB
-16313204.00 C
BAT PERCENT
-59629502000.00
BAT COULOMB
-16814034.00 C
BAT PERCENT
-61432754000.00
BAT COULOMB
-17314988.00 C
BAT PERCENT
-63236145000.00
BAT COULOMB
-17815932.00 C
BAT PERCENT
-65038725000.00
BAT COULOMB
-18316632.00 C
BAT PERCENT
-66842096000.00
BAT COULOMB
-18817604.00 C
BAT PERCENT
-68645523000.00
BAT COULOMB
-19318532.00 C
BAT PERCENT
-70447251000.00
BAT COULOMB
-19818800.00 C
BAT PERCENT
-72249819000.00
BAT COULOMB
-20319512.00 C
BAT PERCENT
-74052436000.00
BAT COULOMB
-20820428.00 C
BAT PERCENT
-75855716000.00
BAT COULOMB
-21321350.00 C
BAT PERCENT
-77659111000.00
BAT COULOMB
-21822312.00 C
BAT PERCENT
-79462474000.00
BAT COULOMB
-22323242.00 C
BAT PERCENT
-81265074000.00
BAT COULOMB
-22823958.00 C
BAT PERCENT
-83068355000.00
BAT COULOMB
-23324876.00 C
BAT PERCENT
-84869284000.00
BAT COULOMB
-23825132.00 C
BAT PERCENT
-86670221000.00
BAT COULOMB
-24325394.00 C
BAT PERCENT
-88471126000.00
BAT COULOMB
-24825600.00 C
BAT PERCENT
-90271850000.00
BAT COULOMB
-25325800.00 C
BAT PERCENT
-92071674000.00
BAT COULOMB
-25825792.00 C
BAT PERCENT
-93872538000.00
BAT COULOMB
-26326000.00 C
BAT PERCENT
-95673278000.00
BAT COULOMB
-26826236.00 C
BAT PERCENT
-97476690000.00
BAT COULOMB
-27327194.00 C
BAT PERCENT
-99279987000.00
BAT COULOMB
-27828112.00 C
BAT PERCENT
-101083380000.0
BAT COULOMB
-28328800.00 C
BAT PERCENT
-102883300000.0
BAT COULOMB
-28829028.00 C
BAT PERCENT
-104685950000.0
BAT COULOMB
-29329768.00 C
BAT PERCENT
-106489220000.0
BAT COULOMB
-29830412.00 C
BAT PERCENT
-108289280000.0
BAT COULOMB
-30330662.00 C
BAT PERCENT
-110089220000.0
BAT COULOMB
-30830628.00 C
BAT PERCENT
-111889910000.0
BAT COULOMB
-31330812.00 C
BAT PERCENT
-113689790000.0
BAT COULOMB
-31830830.00 C
BAT PERCENT
-115490720000.0
BAT COULOMB
-32331050.00 C
BAT PERCENT
-117293110000.0
BAT COULOMB
-32831704.00 C
BAT PERCENT
-119096340000.0
BAT COULOMB
-33332664.00 C
BAT PERCENT
-120899490000.0
BAT COULOMB
-33833148.00 C
BAT PERCENT
-122699290000.0
BAT COULOMB
-34333088.00 C
BAT PERCENT
-124499850000.0
BAT COULOMB
-34833032.00 C
BAT PERCENT
-126299570000.0
BAT COULOMB
-35333168.00 C
BAT PERCENT
-128100180000.0
BAT COULOMB
-35833324.00 C
BAT PERCENT
-129900610000.0
BAT COULOMB
-36334128.00 C
BAT PERCENT
-131703630000.0
BAT COULOMB
-36834932.00 C
BAT PERCENT
-133506540000.0
BAT COULOMB
-37335520.00 C
BAT PERCENT
-135308730000.0
BAT COULOMB
-37836376.00 C
BAT PERCENT
-137111640000.0
BAT COULOMB
-38336516.00 C
BAT PERCENT
-138911400000.0
BAT COULOMB
-38836472.00 C
BAT PERCENT
-140711180000.0
BAT COULOMB
-39337056.00 C
BAT PERCENT
-142514040000.0
BAT COULOMB
-39837836.00 C
BAT PERCENT
-144316060000.0
BAT COULOMB
-40337736.00 C
BAT PERCENT
-146116440000.0
BAT COULOMB
-40837836.00 C
BAT PERCENT
-147917000000.0
BAT COULOMB
-41337968.00 C
BAT PERCENT
-149717320000.0
BAT COULOMB
-41838096.00 C
BAT PERCENT
-151517870000.0
BAT COULOMB
-42338944.00 C
BAT PERCENT
-153321050000.0
BAT COULOMB
-42839124.00 C
BAT PERCENT
-155120760000.0
BAT COULOMB
-43339024.00 C
BAT PERCENT
-156920350000.0
BAT COULOMB
-43839584.00 C
BAT PERCENT
-158723280000.0
BAT COULOMB
-44340412.00 C
BAT PERCENT
-160525300000.0
BAT COULOMB
-44840312.00 C
BAT PERCENT
-162325870000.0
BAT COULOMB
-45340464.00 C
BAT PERCENT
-164125510000.0
BAT COULOMB
-45839856.00 C
BAT PERCENT
-165924190000.0
BAT COULOMB
-46339764.00 C
BAT PERCENT
-167723930000.0
BAT COULOMB
-46839908.00 C
BAT PERCENT
-169524460000.0
BAT COULOMB
-47339904.00 C
BAT PERCENT
-171324590000.0
BAT COULOMB
-47840792.00 C
BAT PERCENT
-173127580000.0
BAT COULOMB
-48340900.00 C
BAT PERCENT
-174927890000.0
BAT COULOMB
-48841000.00 C
BAT PERCENT
-176726520000.0
BAT COULOMB
-49340632.00 C
BAT PERCENT
-178527080000.0
BAT COULOMB
-49841440.00 C
BAT PERCENT
-180330000000.0
BAT COULOMB
-50342120.00 C
BAT PERCENT
-182129430000.0
BAT COULOMB
-50841068.00 C
BAT PERCENT
-183926110000.0
BAT COULOMB
-51341232.00 C
BAT PERCENT
-185729040000.0
BAT COULOMB
-51841132.00 C
BAT PERCENT
-187528040000.0
BAT COULOMB
-52341048.00 C
BAT PERCENT
-189327560000.0
BAT COULOMB
-52840648.00 C
BAT PERCENT
-191126160000.0
BAT COULOMB
-53340544.00 C
BAT PERCENT
-192925890000.0
BAT COULOMB
-53840500.00 C
BAT PERCENT
-194726630000.0
BAT COULOMB
-54341316.00 C
BAT PERCENT
-196528650000.0
BAT COULOMB
-54841924.00 C
BAT PERCENT
-198331680000.0
BAT COULOMB
-55342108.00 C
BAT PERCENT
-200132260000.0
BAT COULOMB
-55842696.00 C
BAT PERCENT
-201934590000.0
BAT COULOMB
-56342888.00 C
BAT PERCENT
-203734340000.0
BAT COULOMB
-56843304.00 C
BAT PERCENT
-205535850000.0
BAT COULOMB
-57343172.00 C
BAT PERCENT
-207336130000.0
BAT COULOMB
-57843288.00 C
BAT PERCENT
-209135580000.0
BAT COULOMB
-58343180.00 C
BAT PERCENT
-210936200000.0
BAT COULOMB
-58843324.00 C
BAT PERCENT
-212736800000.0
BAT COULOMB
-59343240.00 C
BAT PERCENT
-214535620000.0
BAT COULOMB
-59843164.00 C
BAT PERCENT
-216334450000.0
BAT COULOMB
-60342800.00 C
BAT PERCENT
-218133970000.0
BAT COULOMB
-60842716.00 C
BAT PERCENT
-219934650000.0
BAT COULOMB
-61342964.00 C
BAT PERCENT
-221735710000.0
BAT COULOMB
-61842960.00 C
BAT PERCENT
-223535450000.0
BAT COULOMB
-62343076.00 C
BAT PERCENT
-225335870000.0
BAT COULOMB
-62843228.00 C
BAT PERCENT
-227136420000.0
BAT COULOMB
-63343412.00 C
BAT PERCENT
-228937140000.0
BAT COULOMB
-63843608.00 C
BAT PERCENT
-230737790000.0
BAT COULOMB
-64343792.00 C
BAT PERCENT
-232537520000.0
BAT COULOMB
-64844412.00 C
BAT PERCENT
-234340600000.0
BAT COULOMB
-65344548.00 C
BAT PERCENT
-236141310000.0
BAT COULOMB
-65845420.00 C
BAT PERCENT
-237944340000.0
BAT COULOMB
-66345576.00 C
BAT PERCENT
-239744910000.0
BAT COULOMB
-66845756.00 C
BAT PERCENT
-241545430000.0
BAT COULOMB
-67347304.00 C
BAT PERCENT
-243353420000.0
BAT COULOMB
-67848992.00 C
BAT PERCENT
-245158170000.0
BAT COULOMB
-68350408.00 C
BAT PERCENT
-246965240000.0
BAT COULOMB
-68852192.00 C
BAT PERCENT
-248771760000.0
BAT COULOMB
-69354192.00 C
BAT PERCENT
-250578520000.0
BAT COULOMB
-69855952.00 C
BAT PERCENT
-252384890000.0
BAT COULOMB
-70357744.00 C
BAT PERCENT
-254191860000.0
BAT COULOMB
-70859664.00 C
BAT PERCENT
-255998750000.0
BAT COULOMB
-71361640.00 C
BAT PERCENT
-257804830000.0
BAT COULOMB
-71863984.00 C
BAT PERCENT
-259614080000.0
BAT COULOMB
-72365720.00 C
BAT PERCENT
-261420530000.0
BAT COULOMB
-72867488.00 C
BAT PERCENT
-263226290000.0
BAT COULOMB
-73369120.00 C
BAT PERCENT
-265029940000.0
BAT COULOMB
-73870336.00 C
BAT PERCENT
-266837490000.0
BAT COULOMB
-74372416.00 C
BAT PERCENT
-268644090000.0
BAT COULOMB
-74874304.00 C
BAT PERCENT
-270451690000.0
BAT COULOMB
-75376264.00 C
BAT PERCENT
-272258270000.0
BAT COULOMB
-75878048.00 C
BAT PERCENT
-274064540000.0
BAT COULOMB
-76379776.00 C
BAT PERCENT
-275870940000.0
BAT COULOMB
-76881344.00 C
BAT PERCENT
-277676430000.0
BAT COULOMB
-77383760.00 C
BAT PERCENT
-279485090000.0
BAT COULOMB
-77885840.00 C
BAT PERCENT
-281291850000.0
BAT COULOMB
-78387936.00 C
BAT PERCENT
-283100580000.0
BAT COULOMB
-78890000.00 C
BAT PERCENT
-284905730000.0
BAT COULOMB
-79391264.00 C
BAT PERCENT
-286711740000.0
BAT COULOMB
-79892672.00 C
BAT PERCENT
-288515290000.0
BAT COULOMB
-80393984.00 C
BAT PERCENT
-290322550000.0
BAT COULOMB
-80896064.00 C
BAT PERCENT
-292130000000.0
BAT COULOMB
-81397944.00 C
BAT PERCENT
-293936230000.0
BAT COULOMB
-81899688.00 C
BAT PERCENT
-295742370000.0
BAT COULOMB
-82401440.00 C
BAT PERCENT
-297549170000.0
BAT COULOMB
-82903056.00 C
BAT PERCENT
-299354460000.0
BAT COULOMB
-83404728.00 C
BAT PERCENT
-301160500000.0
BAT COULOMB
-83906416.00 C
BAT PERCENT
-302967030000.0
BAT COULOMB
-84408352.00 C
BAT PERCENT
-304774120000.0
BAT COULOMB
-84910384.00 C
BAT PERCENT
-306581370000.0
BAT COULOMB
-85412352.00 C
BAT PERCENT
-308387510000.0
BAT COULOMB
-85914736.00 C
BAT PERCENT
-310196760000.0
BAT COULOMB
-86417312.00 C
BAT PERCENT
-312005330000.0
BAT COULOMB
-86919600.00 C
BAT PERCENT
-313813600000.0
BAT COULOMB
-87421280.00 C
BAT PERCENT
-315619970000.0
BAT COULOMB
-87922976.00 C
BAT PERCENT
-317426300000.0
BAT COULOMB
-88424784.00 C
BAT PERCENT
-319233130000.0
BAT COULOMB
-88926608.00 C
BAT PERCENT
-321039700000.0
BAT COULOMB
-89428208.00 C
BAT PERCENT
-322845540000.0
BAT COULOMB
-89930208.00 C
BAT PERCENT
-324652470000.0
BAT COULOMB
-90432736.00 C
BAT PERCENT
-326461620000.0
BAT COULOMB
-90934576.00 C
BAT PERCENT
-328268250000.0
BAT COULOMB
-91436448.00 C
BAT PERCENT
-330075010000.0
BAT COULOMB
-91938296.00 C
BAT PERCENT
-331881910000.0
BAT COULOMB
-92440176.00 C
BAT PERCENT
-333688570000.0
BAT COULOMB
-92942776.00 C
