00
Battery Voltage
21
19.60 Volts
00
Battery Voltage
21
46.50 Volts
00
Battery Voltage
21
41.88 Volts
00
Battery Voltage
21
32.33 Volts
00
Battery Voltage
21
25.97 Volts
00
Battery Voltage
21
11.29 Volts
00
Battery Voltage
21
86.01 Volts
00
Battery Voltage
31
0.00 Volts
00
Battery Voltage
31
0.31 Volts
00
Battery Voltage
31
0.31 Volts
00
Battery Voltage
31
0.00 Volts
00
Battery Voltage
21
50.19 Volts
00
Battery Voltage
21
49.16 Volts
00
Battery Voltage
21
46.09 Volts
00
Battery Voltage
21
46.70 Volts
00
Battery Voltage
21
47.93 Volts
00
Battery Voltage
21
47.73 Volts
00
Battery Voltage
21
21.45 Volts
00
Battery Voltage
21
47.83 Volts
00
Battery Voltage
21
48.45 Volts
00
Battery Voltage
21
49.16 Volts
00
Battery Voltage
21
48.75 Volts
00
Battery Voltage
21
48.04 Volts
00
Battery Voltage
21
47.93 Volts
00
Battery Voltage
21
48.14 Volts
00
Battery Voltage
21
79.13 Volts
00
Battery Voltage
21
95.45 Volts
00
Battery Voltage
21
96.89 Volts
00
Battery Voltage
21
100.07 Volts
00
Battery Voltage
21
100.48 Volts
00
Battery Voltage
21
100.69 Volts
00
Battery Voltage
21
94.94 Volts
00
Battery Voltage
21
74.93 Volts
00
Battery Voltage
21
54.30 Volts
00
Battery Voltage
21
43.01 Volts
00
Battery Voltage
21
36.13 Volts
00
Battery Voltage
31
0.10 Volts
00
Battery Voltage
31
0.00 Volts
00
Battery Voltage
31
0.00 Volts
00
Battery Voltage
21
13.45 Volts
00
Battery Voltage
21
21.66 Volts
00
Battery Voltage
21
36.44 Volts
00
Battery Voltage
21
44.44 Volts
00
Battery Voltage
21
63.23 Volts
00
Battery Voltage
21
74.21 Volts
00
Battery Voltage
21
70.31 Volts
00
Battery Voltage
21
68.26 Volts
00
Battery Voltage
21
63.74 Volts
00
Battery Voltage
21
63.33 Volts
00
Battery Voltage
21
62.92 Volts
00
Battery Voltage
21
62.10 Volts
00
Battery Voltage
21
61.48 Volts
00
Battery Voltage
21
61.07 Volts
00
Battery Voltage
21
61.89 Volts
00
Battery Voltage
21
61.07 Volts
00
Battery Voltage
21
62.61 Volts
00
Battery Voltage
21
61.28 Volts
00
Battery Voltage
21
61.28 Volts
00
Battery Voltage
21
60.97 Volts
00
Battery Voltage
21
61.38 Volts
00
Battery Voltage
21
61.48 Volts
00
Battery Voltage
21
61.28 Volts
00
Battery Voltage
21
61.28 Volts
00
Battery Voltage
21
93.09 Volts
00
Battery Voltage
21
99.66 Volts
00
Battery Voltage
21
101.30 Volts
00
Battery Voltage
21
97.40 Volts
00
Battery Voltage
21
56.55 Volts
00
Battery Voltage
21
54.40 Volts
00
Battery Voltage
21
101.10 Volts
00
Battery Voltage
21
101.20 Volts
00
Battery Voltage
21
101.00 Volts
00
Battery Voltage
21
101.51 Volts
00
Battery Voltage
21
101.41 Volts
00
Battery Voltage
21
101.51 Volts
00
Battery Voltage
21
101.20 Volts
00
Battery Voltage
21
77.39 Volts
00
Battery Voltage
21
79.65 Volts
00
Battery Voltage
21
52.86 Volts
00
Battery Voltage
21
101.00 Volts
00
Battery Voltage
21
98.64 Volts
00
Battery Voltage
21
99.15 Volts
00
Battery Voltage
21
102.43 Volts
00
Battery Voltage
21
102.43 Volts
00
Battery Voltage
21
102.64 Volts
00
Battery Voltage
21
102.74 Volts
00
Battery Voltage
21
102.74 Volts
00
Battery Voltage
21
102.74 Volts
00
Battery Voltage
21
102.74 Volts
00
Battery Voltage
21
102.74 Volts
00
Battery Voltage
21
102.64 Volts
00
Battery Voltage
21
102.54 Volts
00
Battery Voltage
21
102.43 Volts
00
Battery Voltage
21
88.78 Volts
00
Battery Voltage
21
101.20 Volts
00
Battery Voltage
21
99.46 Volts
00
Battery Voltage
21
99.46 Volts
00
Battery Voltage
21
99.46 Volts
00
Battery Voltage
21
99.66 Volts
00
Battery Voltage
21
99.46 Volts
00
Battery Voltage
21
99.25 Volts
00
Battery Voltage
21
99.15 Volts
00
Battery Voltage
21
99.15 Volts
00
Battery Voltage
21
99.87 Volts
00
Battery Voltage
21
100.38 Volts
00
Battery Voltage
21
101.51 Volts
00
Battery Voltage
21
102.13 Volts
00
Battery Voltage
21
102.23 Volts
00
Battery Voltage
21
102.33 Volts
00
Battery Voltage
21
102.43 Volts
00
Battery Voltage
21
102.43 Volts
00
Battery Voltage
21
102.33 Volts
00
Battery Voltage
21
102.33 Volts
00
Battery Voltage
21
102.33 Volts
00
Battery Voltage
21
102.33 Volts
00
Battery Voltage
21
102.33 Volts
00
Battery Voltage
21
102.43 Volts
00
Battery Voltage
21
102.43 Volts
00
Battery Voltage
21
102.43 Volts
00
Battery Voltage
21
102.54 Volts
00
Battery Voltage
21
102.43 Volts
00
Battery Voltage
21
102.54 Volts
00
Battery Voltage
21
102.54 Volts
00
Battery Voltage
21
102.54 Volts
00
Battery Voltage
21
102.54 Volts
00
Battery Voltage
21
102.54 Volts
00
Battery Voltage
21
102.54 Volts
00
Battery Voltage
21
102.43 Volts
00
Battery Voltage
21
102.54 Volts
00
Battery Voltage
21
102.64 Volts
00
Battery Voltage
21
102.54 Volts
00
Battery Voltage
21
102.54 Volts
00
Battery Voltage
21
102.54 Volts
00
Battery Voltage
21
102.54 Volts
00
Battery Voltage
21
102.43 Volts
00
Battery Voltage
21
102.43 Volts
00
Battery Voltage
21
102.54 Volts
00
Battery Voltage
21
102.64 Volts
00
Battery Voltage
21
102.54 Volts
00
Battery Voltage
21
102.64 Volts
00
Battery Voltage
21
102.54 Volts
00
Battery Voltage
21
102.54 Volts
00
Battery Voltage
21
102.43 Volts
00
Battery Voltage
21
102.43 Volts
00
Battery Voltage
21
102.43 Volts
00
Battery Voltage
21
102.54 Volts
00
Battery Voltage
21
102.43 Volts
00
Battery Voltage
21
102.43 Volts
00
Battery Voltage
21
102.33 Volts
00
Battery Voltage
21
102.33 Volts
00
Battery Voltage
21
102.23 Volts
00
Battery Voltage
21
102.33 Volts
00
Battery Voltage
21
102.23 Volts
00
Battery Voltage
21
102.13 Volts
00
Battery Voltage
21
102.02 Volts
00
Battery Voltage
21
102.13 Volts
00
Battery Voltage
21
101.92 Volts
00
Battery Voltage
21
101.82 Volts
00
Battery Voltage
21
101.82 Volts
00
Battery Voltage
21
101.61 Volts
00
Battery Voltage
21
99.56 Volts
00
Battery Voltage
21
99.46 Volts
00
Battery Voltage
21
99.35 Volts
00
Battery Voltage
21
99.35 Volts
00
Battery Voltage
21
99.25 Volts
00
Battery Voltage
21
99.35 Volts
00
Battery Voltage
21
99.25 Volts
00
Battery Voltage
21
99.46 Volts
00
Battery Voltage
21
99.25 Volts
00
Battery Voltage
21
99.25 Volts
00
Battery Voltage
21
99.15 Volts
00
Battery Voltage
21
99.46 Volts
00
Battery Voltage
21
100.07 Volts
00
Battery Voltage
21
100.48 Volts
00
Battery Voltage
21
100.59 Volts
00
Battery Voltage
21
100.79 Volts
00
Battery Voltage
21
100.59 Volts
00
Battery Voltage
21
100.69 Volts
00
Battery Voltage
21
100.79 Volts
00
Battery Voltage
21
100.89 Volts
00
Battery Voltage
21
100.79 Volts
00
Battery Voltage
21
100.89 Volts
00
Battery Voltage
21
100.89 Volts
00
Battery Voltage
21
101.10 Volts
00
Battery Voltage
21
102.13 Volts
00
Battery Voltage
21
102.13 Volts
00
Battery Voltage
21
102.23 Volts
00
Battery Voltage
21
102.13 Volts
00
Battery Voltage
21
102.23 Volts
00
Battery Voltage
21
102.13 Volts
00
Battery Voltage
21
102.23 Volts
00
Battery Voltage
21
102.13 Volts
00
Battery Voltage
21
102.23 Volts
00
Battery Voltage
21
102.23 Volts
00
Battery Voltage
21
102.23 Volts
00
Battery Voltage
21
102.23 Volts
00
Battery Voltage
21
102.23 Volts
00
Battery Voltage
21
102.13 Volts
00
Battery Voltage
21
102.33 Volts
00
Battery Voltage
21
102.23 Volts
00
Battery Voltage
21
102.23 Volts
00
Battery Voltage
21
102.23 Volts
00
Battery Voltage
21
102.23 Volts
00
Battery Voltage
21
102.43 Volts
00
Battery Voltage
21
102.23 Volts
00
Battery Voltage
21
102.23 Volts
00
Battery Voltage
21
102.23 Volts
00
Battery Voltage
21
102.33 Volts
00
Battery Voltage
21
102.33 Volts
00
Battery Voltage
21
102.33 Volts
00
Battery Voltage
21
102.33 Volts
00
Battery Voltage
21
102.33 Volts
00
Battery Voltage
21
102.23 Volts
00
Battery Voltage
21
102.33 Volts
00
Battery Voltage
21
102.33 Volts
00
Battery Voltage
21
102.43 Volts
00
Battery Voltage
21
102.43 Volts
00
Battery Voltage
21
102.43 Volts
00
Battery Voltage
21
102.43 Volts
00
Battery Voltage
21
102.43 Volts
00
Battery Voltage
21
102.54 Volts
00
Battery Voltage
21
102.43 Volts
00
Battery Voltage
21
102.43 Volts
00
Battery Voltage
21
102.43 Volts
00
Battery Voltage
21
102.54 Volts
00
Battery Voltage
21
102.54 Volts
00
Battery Voltage
21
102.54 Volts
00
Battery Voltage
21
102.43 Volts
00
Battery Voltage
21
102.43 Volts
00
Battery Voltage
21
102.54 Volts
00
Battery Voltage
21
102.64 Volts
00
Battery Voltage
21
102.64 Volts
00
Battery Voltage
21
102.54 Volts
00
Battery Voltage
21
102.54 Volts
00
Battery Voltage
21
102.64 Volts
00
Battery Voltage
21
102.64 Volts
00
Battery Voltage
21
102.54 Volts
00
Battery Voltage
21
102.64 Volts
00
Battery Voltage
21
102.64 Volts
00
Battery Voltage
21
102.64 Volts
00
Battery Voltage
21
102.54 Volts
00
Battery Voltage
21
102.64 Volts
00
Battery Voltage
21
102.64 Volts
00
Battery Voltage
21
102.74 Volts
00
Battery Voltage
21
102.74 Volts
00
Battery Voltage
21
102.64 Volts
00
Battery Voltage
21
102.74 Volts
00
Battery Voltage
21
102.64 Volts
00
Battery Voltage
21
102.74 Volts
00
Battery Voltage
21
102.64 Volts
00
Battery Voltage
21
102.64 Volts
00
Battery Voltage
21
102.64 Volts
00
Battery Voltage
21
102.64 Volts
00
Battery Voltage
21
102.64 Volts
00
Battery Voltage
21
102.64 Volts
00
Battery Voltage
21
102.64 Volts
00
Battery Voltage
21
102.74 Volts
00
Battery Voltage
21
102.64 Volts
00
Battery Voltage
21
102.64 Volts
00
Battery Voltage
21
102.74 Volts
00
Battery Voltage
21
102.74 Volts
00
Battery Voltage
21
102.64 Volts
00
Battery Voltage
21
102.64 Volts
00
Battery Voltage
21
102.64 Volts
00
Battery Voltage
21
102.64 Volts
00
Battery Voltage
21
102.74 Volts
00
Battery Voltage
21
102.64 Volts
00
Battery Voltage
21
102.64 Volts
00
Battery Voltage
21
102.74 Volts
00
Battery Voltage
21
102.64 Volts
00
Battery Voltage
21
102.64 Volts
00
Battery Voltage
21
102.64 Volts
00
Battery Voltage
21
102.64 Volts
00
Battery Voltage
21
102.64 Volts
00
Battery Voltage
21
102.74 Volts
00
Battery Voltage
21
102.74 Volts
00
Battery Voltage
21
102.64 Volts
00
Battery Voltage
21
102.74 Volts
00
Battery Voltage
21
102.64 Volts
00
Battery Voltage
21
102.64 Volts
00
Battery Voltage
21
102.54 Volts
00
Battery Voltage
21
102.54 Volts
00
Battery Voltage
21
102.64 Volts
00
Battery Voltage
21
102.64 Volts
00
Battery Voltage
21
102.64 Volts
00
Battery Voltage
21
102.54 Volts
00
Battery Voltage
21
102.54 Volts
00
Battery Voltage
21
102.64 Volts
00
Battery Voltage
21
102.64 Volts
00
Battery Voltage
21
102.43 Volts
00
Battery Voltage
21
102.54 Volts
00
Battery Voltage
21
102.43 Volts
00
Battery Voltage
21
102.54 Volts
00
Battery Voltage
21
102.43 Volts
00
Battery Voltage
21
102.54 Volts
00
Battery Voltage
21
102.54 Volts
00
Battery Voltage
21
102.54 Volts
00
Battery Voltage
21
102.54 Volts
00
Battery Voltage
21
102.43 Volts
00
Battery Voltage
21
102.54 Volts
00
Battery Voltage
21
102.54 Volts
00
Battery Voltage
21
102.43 Volts
00
Battery Voltage
21
102.54 Volts
00
Battery Voltage
21
102.54 Volts
00
Battery Voltage
21
102.43 Volts
00
Battery Voltage
21
102.54 Volts
00
Battery Voltage
21
102.43 Volts
00
Battery Voltage
21
102.43 Volts
00
Battery Voltage
21
102.33 Volts
00
Battery Voltage
21
102.43 Volts
00
Battery Voltage
21
102.43 Volts
00
Battery Voltage
21
102.33 Volts
00
Battery Voltage
21
102.43 Volts
00
Battery Voltage
21
102.23 Volts
00
Battery Voltage
21
102.33 Volts
00
Battery Voltage
21
102.23 Volts
00
Battery Voltage
21
102.23 Volts
00
Battery Voltage
21
102.33 Volts
00
Battery Voltage
21
102.13 Volts
00
Battery Voltage
21
102.23 Volts
00
Battery Voltage
21
102.13 Volts
00
Battery Voltage
21
102.13 Volts
00
Battery Voltage
21
98.33 Volts
00
Battery Voltage
21
97.71 Volts
00
Battery Voltage
21
97.30 Volts
00
Battery Voltage
21
97.51 Volts
00
Battery Voltage
21
97.71 Volts
00
Battery Voltage
21
97.61 Volts
00
Battery Voltage
21
97.40 Volts
00
Battery Voltage
21
97.51 Volts
00
Battery Voltage
21
97.92 Volts
00
Battery Voltage
21
97.61 Volts
00
Battery Voltage
21
97.61 Volts
00
Battery Voltage
21
97.20 Volts
00
Battery Voltage
21
97.71 Volts
00
Battery Voltage
21
97.92 Volts
00
Battery Voltage
21
97.82 Volts
00
Battery Voltage
21
97.92 Volts
00
Battery Voltage
21
98.12 Volts
00
Battery Voltage
21
98.23 Volts
00
Battery Voltage
21
98.53 Volts
00
Battery Voltage
21
98.84 Volts
00
Battery Voltage
21
98.94 Volts
00
Battery Voltage
21
98.53 Volts
00
Battery Voltage
21
98.64 Volts
00
Battery Voltage
21
98.64 Volts
00
Battery Voltage
21
98.53 Volts
00
Battery Voltage
21
98.74 Volts
00
Battery Voltage
21
98.84 Volts
00
Battery Voltage
21
98.74 Volts
00
Battery Voltage
21
98.94 Volts
00
Battery Voltage
21
98.94 Volts
00
Battery Voltage
21
98.64 Volts
00
Battery Voltage
21
98.74 Volts
00
Battery Voltage
21
98.43 Volts
00
Battery Voltage
21
98.43 Volts
00
Battery Voltage
21
99.35 Volts
00
Battery Voltage
21
99.56 Volts
00
Battery Voltage
21
100.07 Volts
00
Battery Voltage
21
100.18 Volts
00
Battery Voltage
21
100.59 Volts
00
Battery Voltage
21
100.48 Volts
00
Battery Voltage
21
100.48 Volts
00
Battery Voltage
21
100.59 Volts
00
Battery Voltage
21
100.59 Volts
00
Battery Voltage
21
100.79 Volts
00
Battery Voltage
21
100.79 Volts
00
Battery Voltage
21
100.59 Volts
00
Battery Voltage
21
100.79 Volts
00
Battery Voltage
21
100.89 Volts
00
Battery Voltage
21
101.20 Volts
00
Battery Voltage
21
101.41 Volts
00
Battery Voltage
21
101.51 Volts
00
Battery Voltage
21
101.51 Volts
00
Battery Voltage
21
101.61 Volts
00
Battery Voltage
21
101.72 Volts
00
Battery Voltage
21
101.72 Volts
00
Battery Voltage
21
101.82 Volts
00
Battery Voltage
21
101.92 Volts
00
Battery Voltage
21
101.92 Volts
00
Battery Voltage
21
101.82 Volts
00
Battery Voltage
21
101.92 Volts
00
Battery Voltage
21
101.82 Volts
00
Battery Voltage
21
101.82 Volts
00
Battery Voltage
21
101.82 Volts
00
Battery Voltage
21
101.82 Volts
00
Battery Voltage
21
101.72 Volts
00
Battery Voltage
21
101.82 Volts
00
Battery Voltage
21
101.72 Volts
00
Battery Voltage
21
101.72 Volts
00
Battery Voltage
21
101.61 Volts
00
Battery Voltage
21
101.51 Volts
00
Battery Voltage
21
99.05 Volts
00
Battery Voltage
21
99.46 Volts
00
Battery Voltage
21
100.38 Volts
00
Battery Voltage
21
101.41 Volts
00
Battery Voltage
21
101.72 Volts
00
Battery Voltage
21
101.82 Volts
00
Battery Voltage
21
101.92 Volts
00
Battery Voltage
21
102.02 Volts
00
Battery Voltage
21
102.02 Volts
00
Battery Voltage
21
102.02 Volts
00
Battery Voltage
21
102.02 Volts
00
Battery Voltage
21
102.02 Volts
00
Battery Voltage
21
102.02 Volts
00
Battery Voltage
21
101.92 Volts
00
Battery Voltage
21
102.02 Volts
00
Battery Voltage
21
101.92 Volts
00
Battery Voltage
21
102.02 Volts
00
Battery Voltage
21
101.92 Volts
00
Battery Voltage
21
101.92 Volts
00
Battery Voltage
21
101.92 Volts
00
Battery Voltage
21
101.92 Volts
00
Battery Voltage
21
102.02 Volts
00
Battery Voltage
21
101.92 Volts
00
Battery Voltage
21
102.02 Volts
00
Battery Voltage
21
101.92 Volts
00
Battery Voltage
21
101.92 Volts
00
Battery Voltage
21
102.02 Volts
00
Battery Voltage
21
102.02 Volts
00
Battery Voltage
21
102.02 Volts
00
Battery Voltage
21
102.02 Volts
00
Battery Voltage
21
102.02 Volts
00
Battery Voltage
21
102.02 Volts
00
Battery Voltage
21
102.02 Volts
00
Battery Voltage
21
102.02 Volts
00
Battery Voltage
21
102.02 Volts
00
Battery Voltage
21
102.02 Volts
00
Battery Voltage
21
102.02 Volts
00
Battery Voltage
21
102.02 Volts
00
Battery Voltage
21
102.13 Volts
00
Battery Voltage
21
102.13 Volts
00
Battery Voltage
21
102.13 Volts
00
Battery Voltage
21
102.23 Volts
00
Battery Voltage
21
102.33 Volts
00
Battery Voltage
21
102.23 Volts
00
Battery Voltage
21
102.33 Volts
00
Battery Voltage
21
102.43 Volts
00
Battery Voltage
21
102.33 Volts
00
Battery Voltage
21
102.43 Volts
00
Battery Voltage
21
102.43 Volts
00
Battery Voltage
21
102.43 Volts
00
Battery Voltage
21
102.43 Volts
00
Battery Voltage
21
102.54 Volts
00
Battery Voltage
21
102.43 Volts
00
Battery Voltage
21
102.54 Volts
00
Battery Voltage
21
102.54 Volts
00
Battery Voltage
21
102.64 Volts
00
Battery Voltage
21
102.64 Volts
00
Battery Voltage
21
102.54 Volts
00
Battery Voltage
21
102.64 Volts
00
Battery Voltage
21
102.64 Volts
00
Battery Voltage
21
102.74 Volts
00
Battery Voltage
21
102.64 Volts
00
Battery Voltage
21
102.64 Volts
00
Battery Voltage
21
102.74 Volts
00
Battery Voltage
21
102.64 Volts
00
Battery Voltage
21
102.64 Volts
00
Battery Voltage
21
102.74 Volts
00
Battery Voltage
21
102.54 Volts
00
Battery Voltage
21
102.64 Volts
00
Battery Voltage
21
102.74 Volts
00
Battery Voltage
21
102.64 Volts
00
Battery Voltage
21
102.54 Volts
00
Battery Voltage
21
102.64 Volts
00
Battery Voltage
21
102.64 Volts
00
Battery Voltage
21
102.74 Volts
00
Battery Voltage
21
102.74 Volts
00
Battery Voltage
21
102.64 Volts
00
Battery Voltage
21
102.74 Volts
00
Battery Voltage
21
102.74 Volts
00
Battery Voltage
21
102.74 Volts
00
Battery Voltage
21
102.64 Volts
00
Battery Voltage
21
102.64 Volts
00
Battery Voltage
21
102.74 Volts
00
Battery Voltage
21
102.64 Volts
00
Battery Voltage
21
102.64 Volts
00
Battery Voltage
21
102.74 Volts
00
Battery Voltage
21
102.64 Volts
00
Battery Voltage
21
102.74 Volts
00
Battery Voltage
21
102.64 Volts
00
Battery Voltage
21
102.64 Volts
00
Battery Voltage
21
102.74 Volts
00
Battery Voltage
21
102.74 Volts
00
Battery Voltage
21
102.64 Volts
00
Battery Voltage
21
102.74 Volts
00
Battery Voltage
21
102.84 Volts
00
Battery Voltage
21
102.84 Volts
00
Battery Voltage
21
102.74 Volts
00
Battery Voltage
21
102.84 Volts
00
Battery Voltage
21
102.84 Volts
00
Battery Voltage
21
102.84 Volts
00
Battery Voltage
21
102.74 Volts
00
Battery Voltage
21
102.74 Volts
00
Battery Voltage
21
102.74 Volts
00
Battery Voltage
21
102.64 Volts
00
Battery Voltage
21
102.64 Volts
00
Battery Voltage
21
102.74 Volts
00
Battery Voltage
21
102.74 Volts
00
Battery Voltage
21
102.74 Volts
00
Battery Voltage
21
102.74 Volts
00
Battery Voltage
21
102.74 Volts
00
Battery Voltage
21
102.74 Volts
00
Battery Voltage
21
102.64 Volts
00
Battery Voltage
21
102.64 Volts
00
Battery Voltage
21
102.74 Volts
00
Battery Voltage
21
102.64 Volts
00
Battery Voltage
21
102.74 Volts
00
Battery Voltage
21
102.54 Volts
00
Battery Voltage
21
102.64 Volts
00
Battery Voltage
21
102.64 Volts
00
Battery Voltage
21
102.74 Volts
00
Battery Voltage
21
102.64 Volts
00
Battery Voltage
21
102.54 Volts
00
Battery Voltage
21
102.54 Volts
00
Battery Voltage
21
102.54 Volts
00
Battery Voltage
21
102.64 Volts
00
Battery Voltage
21
102.54 Volts
00
Battery Voltage
21
102.54 Volts
00
Battery Voltage
21
102.54 Volts
00
Battery Voltage
21
102.64 Volts
00
Battery Voltage
21
102.64 Volts
00
Battery Voltage
21
102.54 Volts
00
Battery Voltage
21
102.64 Volts
00
Battery Voltage
21
102.74 Volts
00
Battery Voltage
21
102.74 Volts
00
Battery Voltage
21
102.74 Volts
00
Battery Voltage
21
102.64 Volts
00
Battery Voltage
21
102.64 Volts
00
Battery Voltage
21
102.74 Volts
00
Battery Voltage
21
102.64 Volts
00
Battery Voltage
21
102.64 Volts
00
Battery Voltage
21
102.64 Volts
00
Battery Voltage
21
102.74 Volts
00
Battery Voltage
21
102.64 Volts
00
Battery Voltage
21
102.74 Volts
00
Battery Voltage
21
102.74 Volts
00
Battery Voltage
21
102.74 Volts
00
Battery Voltage
21
102.64 Volts
00
Battery Voltage
21
102.64 Volts
00
Battery Voltage
21
102.74 Volts
00
Battery Voltage
21
102.74 Volts
00
Battery Voltage
21
102.74 Volts
00
Battery Voltage
21
102.74 Volts
00
Battery Voltage
21
102.74 Volts
00
Battery Voltage
21
102.74 Volts
00
Battery Voltage
21
102.74 Volts
00
Battery Voltage
21
102.84 Volts
00
Battery Voltage
21
102.74 Volts
00
Battery Voltage
21
102.74 Volts
00
Battery Voltage
21
102.64 Volts
00
Battery Voltage
21
102.74 Volts
00
Battery Voltage
21
102.74 Volts
00
Battery Voltage
21
102.84 Volts
00
Battery Voltage
21
102.74 Volts
00
Battery Voltage
21
102.74 Volts
00
Battery Voltage
21
102.84 Volts
00
Battery Voltage
21
102.84 Volts
00
Battery Voltage
21
102.84 Volts
00
Battery Voltage
21
102.84 Volts
00
Battery Voltage
21
102.84 Volts
00
Battery Voltage
21
102.84 Volts
00
Battery Voltage
21
102.84 Volts
00
Battery Voltage
21
102.84 Volts
00
Battery Voltage
21
102.95 Volts
00
Battery Voltage
21
102.84 Volts
00
Battery Voltage
21
102.95 Volts
00
Battery Voltage
21
102.95 Volts
00
Battery Voltage
21
102.84 Volts
00
Battery Voltage
21
102.95 Volts
00
Battery Voltage
21
102.84 Volts
00
Battery Voltage
21
102.95 Volts
00
Battery Voltage
21
102.95 Volts
00
Battery Voltage
21
102.95 Volts
00
Battery Voltage
21
102.95 Volts
00
Battery Voltage
21
102.95 Volts
00
Battery Voltage
21
102.95 Volts
00
Battery Voltage
21
102.95 Volts
00
Battery Voltage
21
102.95 Volts
00
Battery Voltage
21
102.95 Volts
00
Battery Voltage
21
102.95 Volts
00
Battery Voltage
21
102.84 Volts
00
Battery Voltage
21
102.74 Volts
00
Battery Voltage
21
102.84 Volts
00
Battery Voltage
21
102.95 Volts
00
Battery Voltage
21
102.84 Volts
00
Battery Voltage
21
102.95 Volts
00
Battery Voltage
21
102.84 Volts
00
Battery Voltage
21
102.84 Volts
00
Battery Voltage
21
102.95 Volts
00
Battery Voltage
21
102.84 Volts
00
Battery Voltage
21
102.84 Volts
00
Battery Voltage
21
102.84 Volts
00
Battery Voltage
21
102.95 Volts
00
Battery Voltage
21
102.95 Volts
00
Battery Voltage
21
102.84 Volts
00
Battery Voltage
21
102.84 Volts
00
Battery Voltage
21
102.84 Volts
00
Battery Voltage
21
102.84 Volts
00
Battery Voltage
21
102.84 Volts
00
Battery Voltage
21
102.84 Volts
00
Battery Voltage
21
102.95 Volts
00
Battery Voltage
21
102.84 Volts
00
Battery Voltage
21
102.84 Volts
00
Battery Voltage
21
102.95 Volts
00
Battery Voltage
21
102.84 Volts
00
Battery Voltage
21
102.95 Volts
00
Battery Voltage
21
102.95 Volts
00
Battery Voltage
21
102.84 Volts
00
Battery Voltage
21
102.84 Volts
00
Battery Voltage
21
102.95 Volts
00
Battery Voltage
21
102.84 Volts
00
Battery Voltage
21
102.84 Volts
00
Battery Voltage
21
102.95 Volts
00
Battery Voltage
21
102.84 Volts
00
Battery Voltage
21
102.95 Volts
00
Battery Voltage
21
102.74 Volts
00
Battery Voltage
21
102.95 Volts
00
Battery Voltage
21
102.95 Volts
00
Battery Voltage
21
102.95 Volts
00
Battery Voltage
21
102.84 Volts
00
Battery Voltage
21
102.84 Volts
00
Battery Voltage
21
102.95 Volts
00
Battery Voltage
21
102.84 Volts
00
Battery Voltage
21
102.95 Volts
00
Battery Voltage
21
102.84 Volts
00
Battery Voltage
21
102.84 Volts
00
Battery Voltage
21
102.84 Volts
00
Battery Voltage
21
102.84 Volts
00
Battery Voltage
21
102.95 Volts
00
Battery Voltage
21
102.84 Volts
00
Battery Voltage
21
102.84 Volts
00
Battery Voltage
21
102.84 Volts
00
Battery Voltage
21
102.84 Volts
00
Battery Voltage
21
102.84 Volts
00
Battery Voltage
21
102.84 Volts
00
Battery Voltage
21
102.84 Volts
00
Battery Voltage
21
102.84 Volts
00
Battery Voltage
21
102.95 Volts
00
Battery Voltage
21
102.84 Volts
00
Battery Voltage
21
102.84 Volts
00
Battery Voltage
21
102.84 Volts
00
Battery Voltage
21
102.84 Volts
00
Battery Voltage
21
102.95 Volts
00
Battery Voltage
21
102.84 Volts
00
Battery Voltage
21
102.74 Volts
00
Battery Voltage
21
102.95 Volts
00
Battery Voltage
21
102.84 Volts
00
Battery Voltage
21
102.95 Volts
00
Battery Voltage
21
102.95 Volts
00
Battery Voltage
21
102.95 Volts
00
Battery Voltage
21
102.84 Volts
00
Battery Voltage
21
102.84 Volts
00
Battery Voltage
21
102.95 Volts
00
Battery Voltage
21
102.84 Volts
00
Battery Voltage
21
102.95 Volts
00
Battery Voltage
21
102.95 Volts
00
Battery Voltage
21
102.95 Volts
00
Battery Voltage
21
102.84 Volts
00
Battery Voltage
21
102.84 Volts
00
Battery Voltage
21
102.74 Volts
00
Battery Voltage
21
102.74 Volts
00
Battery Voltage
21
102.84 Volts
00
Battery Voltage
21
102.74 Volts
00
Battery Voltage
21
102.84 Volts
00
Battery Voltage
21
102.74 Volts
00
Battery Voltage
21
102.74 Volts
00
Battery Voltage
21
102.74 Volts
00
Battery Voltage
21
102.74 Volts
00
Battery Voltage
21
102.64 Volts
00
Battery Voltage
21
102.74 Volts
00
Battery Voltage
21
102.84 Volts
00
Battery Voltage
21
102.74 Volts
00
Battery Voltage
21
102.64 Volts
00
Battery Voltage
21
102.64 Volts
00
Battery Voltage
21
102.74 Volts
00
Battery Voltage
21
102.74 Volts
00
Battery Voltage
21
102.54 Volts
00
Battery Voltage
21
102.74 Volts
00
Battery Voltage
21
102.64 Volts
00
Battery Voltage
21
102.54 Volts
00
Battery Voltage
21
102.43 Volts
00
Battery Voltage
21
102.54 Volts
00
Battery Voltage
21
102.43 Volts
00
Battery Voltage
21
102.33 Volts
00
Battery Voltage
21
102.33 Volts
00
Battery Voltage
21
102.33 Volts
00
Battery Voltage
21
102.23 Volts
00
Battery Voltage
21
102.13 Volts
00
Battery Voltage
21
97.61 Volts
00
Battery Voltage
21
97.40 Volts
00
Battery Voltage
21
98.12 Volts
00
Battery Voltage
21
98.43 Volts
00
Battery Voltage
21
98.53 Volts
00
Battery Voltage
21
98.33 Volts
00
Battery Voltage
21
98.53 Volts
00
Battery Voltage
21
99.15 Volts
00
Battery Voltage
21
99.15 Volts
00
Battery Voltage
21
99.15 Volts
00
Battery Voltage
21
99.35 Volts
00
Battery Voltage
21
99.05 Volts
00
Battery Voltage
21
99.25 Volts
00
Battery Voltage
21
99.35 Volts
00
Battery Voltage
21
99.35 Volts
00
Battery Voltage
21
99.46 Volts
00
Battery Voltage
21
99.56 Volts
00
Battery Voltage
21
99.56 Volts
00
Battery Voltage
21
99.66 Volts
00
Battery Voltage
21
99.77 Volts
00
Battery Voltage
21
99.87 Volts
00
Battery Voltage
21
99.87 Volts
00
Battery Voltage
21
99.97 Volts
00
Battery Voltage
21
99.87 Volts
00
Battery Voltage
21
99.87 Volts
00
Battery Voltage
21
99.97 Volts
00
Battery Voltage
21
99.87 Volts
00
Battery Voltage
21
100.07 Volts
00
Battery Voltage
21
100.69 Volts
00
Battery Voltage
21
102.02 Volts
00
Battery Voltage
21
102.23 Volts
00
Battery Voltage
21
102.23 Volts
00
Battery Voltage
21
102.02 Volts
00
Battery Voltage
21
101.92 Volts
00
Battery Voltage
21
100.69 Volts
00
Battery Voltage
21
100.89 Volts
00
Battery Voltage
21
100.79 Volts
00
Battery Voltage
21
100.79 Volts
00
Battery Voltage
21
100.79 Volts
00
Battery Voltage
21
101.20 Volts
00
Battery Voltage
21
101.20 Volts
00
Battery Voltage
21
101.00 Volts
00
Battery Voltage
21
101.00 Volts
00
Battery Voltage
21
101.00 Volts
00
Battery Voltage
21
101.51 Volts
00
Battery Voltage
21
101.82 Volts
00
Battery Voltage
21
102.23 Volts
00
Battery Voltage
21
102.23 Volts
00
Battery Voltage
21
102.54 Volts
00
Battery Voltage
21
100.69 Volts
00
Battery Voltage
21
101.82 Volts
00
Battery Voltage
21
85.70 Volts
00
Battery Voltage
31
1.23 Volts
00
Battery Voltage
31
7.39 Volts
00
Battery Voltage
21
99.35 Volts
00
Battery Voltage
21
93.61 Volts
00
Battery Voltage
21
71.95 Volts
00
Battery Voltage
21
100.69 Volts
00
Battery Voltage
21
101.10 Volts
00
Battery Voltage
21
89.71 Volts
00
Battery Voltage
21
103.46 Volts
00
Battery Voltage
21
103.56 Volts
00
Battery Voltage
21
98.12 Volts
00
Battery Voltage
21
100.18 Volts
00
Battery Voltage
21
98.43 Volts
00
Battery Voltage
21
102.02 Volts
00
Battery Voltage
21
102.13 Volts
00
Battery Voltage
21
101.82 Volts
00
Battery Voltage
21
102.33 Volts
00
Battery Voltage
21
102.64 Volts
00
Battery Voltage
21
102.74 Volts
00
Battery Voltage
21
102.64 Volts
00
Battery Voltage
21
102.64 Volts
00
Battery Voltage
21
102.02 Volts
00
Battery Voltage
21
101.20 Volts
00
Battery Voltage
21
101.00 Volts
00
Battery Voltage
21
102.33 Volts
00
Battery Voltage
21
102.95 Volts
00
Battery Voltage
21
102.95 Volts
00
Battery Voltage
21
102.74 Volts
00
Battery Voltage
21
102.54 Volts
00
Battery Voltage
21
102.33 Volts
00
Battery Voltage
21
102.23 Volts
00
Battery Voltage
21
99.97 Volts
00
Battery Voltage
21
101.41 Volts
00
Battery Voltage
21
101.72 Volts
00
Battery Voltage
21
102.33 Volts
00
Battery Voltage
21
99.97 Volts
00
Battery Voltage
21
100.28 Volts
00
Battery Voltage
21
98.94 Volts
00
Battery Voltage
21
99.25 Volts
00
Battery Voltage
21
100.59 Volts
00
Battery Voltage
21
99.25 Volts
00
Battery Voltage
21
99.77 Volts
00
Battery Voltage
21
98.33 Volts
00
Battery Voltage
21
98.02 Volts
00
Battery Voltage
21
99.77 Volts
00
Battery Voltage
21
90.43 Volts
00
Battery Voltage
21
98.12 Volts
00
Battery Voltage
21
102.13 Volts
00
Battery Voltage
21
97.82 Volts
00
Battery Voltage
21
99.66 Volts
00
Battery Voltage
21
101.10 Volts
00
Battery Voltage
21
100.59 Volts
00
Battery Voltage
21
101.41 Volts
00
Battery Voltage
21
101.92 Volts
00
Battery Voltage
21
101.61 Volts
00
Battery Voltage
21
102.13 Volts
00
Battery Voltage
21
101.61 Volts
00
Battery Voltage
21
101.72 Volts
00
Battery Voltage
21
104.18 Volts
00
Battery Voltage
21
104.18 Volts
00
Battery Voltage
21
104.18 Volts
00
Battery Voltage
21
104.18 Volts
00
Battery Voltage
21
104.28 Volts
00
Battery Voltage
21
104.18 Volts
00
Battery Voltage
21
104.18 Volts
00
Battery Voltage
21
104.18 Volts
00
Battery Voltage
21
104.18 Volts
00
Battery Voltage
21
104.18 Volts
00
Battery Voltage
21
104.08 Volts
00
Battery Voltage
21
104.18 Volts
00
Battery Voltage
21
104.18 Volts
00
Battery Voltage
21
103.87 Volts
00
Battery Voltage
21
103.97 Volts
00
Battery Voltage
21
103.97 Volts
00
Battery Voltage
21
103.87 Volts
00
Battery Voltage
21
103.87 Volts
00
Battery Voltage
21
102.84 Volts
00
Battery Voltage
21
94.84 Volts
00
Battery Voltage
21
91.86 Volts
00
Battery Voltage
21
95.35 Volts
00
Battery Voltage
21
100.07 Volts
00
Battery Voltage
21
100.07 Volts
00
Battery Voltage
21
102.43 Volts
00
Battery Voltage
21
103.15 Volts
00
Battery Voltage
21
103.15 Volts
00
Battery Voltage
21
103.05 Volts
00
Battery Voltage
21
103.05 Volts
00
Battery Voltage
21
103.15 Volts
00
Battery Voltage
21
102.95 Volts
00
Battery Voltage
21
102.33 Volts
00
Battery Voltage
21
102.33 Volts
00
Battery Voltage
21
102.33 Volts
00
Battery Voltage
21
102.43 Volts
00
Battery Voltage
21
102.33 Volts
00
Battery Voltage
21
101.51 Volts
00
Battery Voltage
21
99.46 Volts
00
Battery Voltage
21
98.84 Volts
00
Battery Voltage
21
99.46 Volts
00
Battery Voltage
21
100.18 Volts
00
Battery Voltage
21
100.48 Volts
00
Battery Voltage
21
100.28 Volts
00
Battery Voltage
21
100.28 Volts
00
Battery Voltage
21
100.69 Volts
00
Battery Voltage
21
100.07 Volts
00
Battery Voltage
21
100.48 Volts
00
Battery Voltage
21
100.18 Volts
00
Battery Voltage
21
100.07 Volts
00
Battery Voltage
21
99.56 Volts
00
Battery Voltage
21
99.97 Volts
00
Battery Voltage
21
100.38 Volts
00
Battery Voltage
21
99.87 Volts
00
Battery Voltage
21
99.56 Volts
00
Battery Voltage
21
99.66 Volts
00
Battery Voltage
21
99.97 Volts
00
Battery Voltage
21
99.77 Volts
00
Battery Voltage
21
99.66 Volts
00
Battery Voltage
21
99.56 Volts
00
Battery Voltage
21
99.35 Volts
00
Battery Voltage
21
98.33 Volts
00
Battery Voltage
21
99.15 Volts
00
Battery Voltage
21
99.35 Volts
00
Battery Voltage
21
99.77 Volts
00
Battery Voltage
21
99.77 Volts
00
Battery Voltage
21
99.05 Volts
00
Battery Voltage
21
99.56 Volts
00
Battery Voltage
21
99.77 Volts
00
Battery Voltage
21
99.66 Volts
00
Battery Voltage
21
99.97 Volts
00
Battery Voltage
21
100.18 Volts
00
Battery Voltage
21
100.38 Volts
00
Battery Voltage
21
100.18 Volts
00
Battery Voltage
21
100.18 Volts
00
Battery Voltage
21
99.97 Volts
00
Battery Voltage
21
99.87 Volts
00
Battery Voltage
21
99.77 Volts
00
Battery Voltage
21
99.15 Volts
00
Battery Voltage
21
98.33 Volts
00
Battery Voltage
21
99.46 Volts
00
Battery Voltage
21
99.87 Volts
00
Battery Voltage
21
98.84 Volts
00
Battery Voltage
21
99.05 Volts
00
Battery Voltage
21
98.74 Volts
00
Battery Voltage
21
99.15 Volts
00
Battery Voltage
21
99.35 Volts
00
Battery Voltage
21
99.35 Volts
00
Battery Voltage
21
99.15 Volts
00
Battery Voltage
21
99.46 Volts
00
Battery Voltage
21
99.56 Volts
00
Battery Voltage
21
99.46 Volts
00
Battery Voltage
21
99.05 Volts
00
Battery Voltage
21
99.35 Volts
00
Battery Voltage
21
99.25 Volts
00
Battery Voltage
21
99.15 Volts
00
Battery Voltage
21
99.35 Volts
00
Battery Voltage
21
99.15 Volts
00
Battery Voltage
21
99.05 Volts
00
Battery Voltage
21
98.94 Volts
00
Battery Voltage
21
99.35 Volts
00
Battery Voltage
21
99.87 Volts
00
Battery Voltage
21
99.97 Volts
00
Battery Voltage
21
100.18 Volts
00
Battery Voltage
21
100.89 Volts
00
Battery Voltage
21
101.00 Volts
00
Battery Voltage
21
100.89 Volts
00
Battery Voltage
21
101.30 Volts
00
Battery Voltage
21
101.20 Volts
00
Battery Voltage
21
102.02 Volts
00
Battery Voltage
21
102.23 Volts
00
Battery Voltage
21
102.43 Volts
00
Battery Voltage
21
102.33 Volts
00
Battery Voltage
21
102.43 Volts
00
Battery Voltage
21
102.54 Volts
00
Battery Voltage
21
102.54 Volts
00
Battery Voltage
21
102.43 Volts
00
Battery Voltage
21
102.43 Volts
00
Battery Voltage
21
102.43 Volts
00
Battery Voltage
21
102.43 Volts
00
Battery Voltage
21
102.13 Volts
00
Battery Voltage
21
102.33 Volts
00
Battery Voltage
21
102.23 Volts
00
Battery Voltage
21
102.13 Volts
00
Battery Voltage
21
102.33 Volts
00
Battery Voltage
21
102.23 Volts
00
Battery Voltage
21
102.33 Volts
00
Battery Voltage
21
102.23 Volts
00
Battery Voltage
21
102.33 Volts
00
Battery Voltage
21
102.33 Volts
00
Battery Voltage
21
102.23 Volts
00
Battery Voltage
21
102.23 Volts
00
Battery Voltage
21
102.23 Volts
00
Battery Voltage
21
102.23 Volts
00
Battery Voltage
21
102.23 Volts
00
Battery Voltage
21
102.13 Volts
00
Battery Voltage
21
102.13 Volts
00
Battery Voltage
21
101.61 Volts
00
Battery Voltage
21
101.61 Volts
00
Battery Voltage
21
101.41 Volts
00
Battery Voltage
21
101.41 Volts
00
Battery Voltage
21
99.66 Volts
00
Battery Voltage
21
100.69 Volts
00
Battery Voltage
21
101.10 Volts
00
Battery Voltage
21
101.00 Volts
00
Battery Voltage
21
101.20 Volts
00
Battery Voltage
21
101.30 Volts
00
Battery Voltage
21
100.79 Volts
00
Battery Voltage
21
101.51 Volts
00
Battery Voltage
21
101.51 Volts
00
Battery Voltage
21
100.79 Volts
00
Battery Voltage
21
101.20 Volts
00
Battery Voltage
21
100.79 Volts
00
Battery Voltage
21
100.59 Volts
00
Battery Voltage
21
100.79 Volts
00
Battery Voltage
21
101.10 Volts
00
Battery Voltage
21
101.72 Volts
00
Battery Voltage
21
101.72 Volts
00
Battery Voltage
21
101.72 Volts
00
Battery Voltage
21
101.72 Volts
00
Battery Voltage
21
101.61 Volts
00
Battery Voltage
21
101.82 Volts
00
Battery Voltage
21
101.72 Volts
00
Battery Voltage
21
101.82 Volts
00
Battery Voltage
21
101.82 Volts
00
Battery Voltage
21
101.82 Volts
00
Battery Voltage
21
101.82 Volts
00
Battery Voltage
21
101.82 Volts
00
Battery Voltage
21
101.72 Volts
00
Battery Voltage
21
101.82 Volts
00
Battery Voltage
21
101.92 Volts
00
Battery Voltage
21
101.82 Volts
00
Battery Voltage
21
101.92 Volts
00
Battery Voltage
21
101.92 Volts
00
Battery Voltage
21
101.92 Volts
00
Battery Voltage
21
101.82 Volts
00
Battery Voltage
21
101.92 Volts
00
Battery Voltage
21
101.82 Volts
00
Battery Voltage
21
101.92 Volts
00
Battery Voltage
21
101.92 Volts
00
Battery Voltage
21
101.92 Volts
00
Battery Voltage
21
101.82 Volts
00
Battery Voltage
21
101.82 Volts
00
Battery Voltage
21
101.82 Volts
00
Battery Voltage
21
101.72 Volts
00
Battery Voltage
21
101.82 Volts
00
Battery Voltage
21
101.82 Volts
00
Battery Voltage
21
101.82 Volts
00
Battery Voltage
21
101.82 Volts
00
Battery Voltage
21
101.82 Volts
00
Battery Voltage
21
101.72 Volts
00
Battery Voltage
21
101.72 Volts
00
Battery Voltage
21
101.72 Volts
00
Battery Voltage
21
101.72 Volts
00
Battery Voltage
21
101.51 Volts
00
Battery Voltage
21
101.61 Volts
00
Battery Voltage
21
101.10 Volts
00
Battery Voltage
21
100.79 Volts
00
Battery Voltage
21
101.20 Volts
00
Battery Voltage
21
101.72 Volts
00
Battery Voltage
21
101.82 Volts
00
Battery Voltage
21
101.82 Volts
00
Battery Voltage
21
101.72 Volts
00
Battery Voltage
21
101.72 Volts
00
Battery Voltage
21
101.82 Volts
00
Battery Voltage
21
101.82 Volts
00
Battery Voltage
21
101.72 Volts
00
Battery Voltage
21
101.82 Volts
00
Battery Voltage
21
101.82 Volts
00
Battery Voltage
21
101.72 Volts
00
Battery Voltage
21
101.72 Volts
00
Battery Voltage
21
101.61 Volts
00
Battery Voltage
21
101.51 Volts
00
Battery Voltage
21
101.51 Volts
00
Battery Voltage
21
101.61 Volts
00
Battery Voltage
21
101.61 Volts
00
Battery Voltage
21
101.61 Volts
00
Battery Voltage
21
101.61 Volts
00
Battery Voltage
21
101.72 Volts
00
Battery Voltage
21
101.82 Volts
00
Battery Voltage
21
101.82 Volts
00
Battery Voltage
21
101.72 Volts
00
Battery Voltage
21
101.92 Volts
00
Battery Voltage
21
101.82 Volts
00
Battery Voltage
21
101.92 Volts
00
Battery Voltage
21
102.02 Volts
00
Battery Voltage
21
102.02 Volts
00
Battery Voltage
21
102.13 Volts
00
Battery Voltage
21
102.13 Volts
00
Battery Voltage
21
102.13 Volts
00
Battery Voltage
21
101.92 Volts
00
Battery Voltage
21
102.13 Volts
00
Battery Voltage
21
102.13 Volts
00
Battery Voltage
21
102.13 Volts
00
Battery Voltage
21
102.02 Volts
00
Battery Voltage
21
102.02 Volts
00
Battery Voltage
21
102.13 Volts
00
Battery Voltage
21
102.02 Volts
00
Battery Voltage
21
102.02 Volts
00
Battery Voltage
21
102.02 Volts
00
Battery Voltage
21
102.02 Volts
00
Battery Voltage
21
101.92 Volts
00
Battery Voltage
21
101.82 Volts
00
Battery Voltage
21
101.61 Volts
00
Battery Voltage
21
101.72 Volts
00
Battery Voltage
21
101.92 Volts
00
Battery Voltage
21
101.92 Volts
00
Battery Voltage
21
101.92 Volts
00
Battery Voltage
21
101.82 Volts
00
Battery Voltage
21
101.92 Volts
00
Battery Voltage
21
101.82 Volts
00
Battery Voltage
21
101.72 Volts
00
Battery Voltage
21
101.72 Volts
00
Battery Voltage
21
101.41 Volts
00
Battery Voltage
21
101.41 Volts
00
Battery Voltage
21
101.61 Volts
00
Battery Voltage
21
101.82 Volts
00
Battery Voltage
21
101.82 Volts
00
Battery Voltage
21
101.82 Volts
00
Battery Voltage
21
101.82 Volts
00
Battery Voltage
21
102.02 Volts
00
Battery Voltage
21
101.82 Volts
00
Battery Voltage
21
101.82 Volts
00
Battery Voltage
21
101.92 Volts
00
Battery Voltage
21
101.92 Volts
00
Battery Voltage
21
101.82 Volts
00
Battery Voltage
21
101.92 Volts
00
Battery Voltage
21
101.82 Volts
00
Battery Voltage
21
101.82 Volts
00
Battery Voltage
21
101.92 Volts
00
Battery Voltage
21
101.82 Volts
00
Battery Voltage
21
101.92 Volts
00
Battery Voltage
21
101.92 Volts
00
Battery Voltage
21
101.82 Volts
00
Battery Voltage
21
101.82 Volts
00
Battery Voltage
21
101.82 Volts
00
Battery Voltage
21
101.82 Volts
00
Battery Voltage
21
101.82 Volts
00
Battery Voltage
21
101.82 Volts
00
Battery Voltage
21
101.92 Volts
00
Battery Voltage
21
101.72 Volts
00
Battery Voltage
21
101.72 Volts
00
Battery Voltage
21
101.72 Volts
00
Battery Voltage
21
101.72 Volts
00
Battery Voltage
21
101.82 Volts
00
Battery Voltage
21
101.72 Volts
00
Battery Voltage
21
101.72 Volts
00
Battery Voltage
21
101.51 Volts
00
Battery Voltage
21
101.30 Volts
00
Battery Voltage
21
101.20 Volts
00
Battery Voltage
21
102.02 Volts
00
Battery Voltage
21
102.13 Volts
00
Battery Voltage
21
101.92 Volts
00
Battery Voltage
21
101.51 Volts
00
Battery Voltage
21
101.51 Volts
00
Battery Voltage
21
101.41 Volts
00
Battery Voltage
21
101.51 Volts
00
Battery Voltage
21
101.41 Volts
00
Battery Voltage
21
101.10 Volts
00
Battery Voltage
21
101.72 Volts
00
Battery Voltage
21
101.72 Volts
00
Battery Voltage
21
101.82 Volts
00
Battery Voltage
21
101.72 Volts
00
Battery Voltage
21
101.51 Volts
00
Battery Voltage
21
101.72 Volts
00
Battery Voltage
21
101.72 Volts
00
Battery Voltage
21
101.82 Volts
00
Battery Voltage
21
101.72 Volts
00
Battery Voltage
21
101.72 Volts
00
Battery Voltage
21
101.72 Volts
00
Battery Voltage
21
101.72 Volts
00
Battery Voltage
21
101.82 Volts
00
Battery Voltage
21
101.72 Volts
00
Battery Voltage
21
101.72 Volts
00
Battery Voltage
21
101.82 Volts
00
Battery Voltage
21
101.72 Volts
00
Battery Voltage
21
101.72 Volts
00
Battery Voltage
21
101.72 Volts
00
Battery Voltage
21
101.72 Volts
00
Battery Voltage
21
101.61 Volts
00
Battery Voltage
21
101.41 Volts
00
Battery Voltage
21
101.20 Volts
00
Battery Voltage
21
102.02 Volts
00
Battery Voltage
21
102.33 Volts
00
Battery Voltage
21
102.33 Volts
00
Battery Voltage
21
102.33 Volts
00
Battery Voltage
21
102.43 Volts
00
Battery Voltage
21
102.33 Volts
00
Battery Voltage
21
102.43 Volts
00
Battery Voltage
21
102.43 Volts
00
Battery Voltage
21
102.33 Volts
00
Battery Voltage
21
102.33 Volts
00
Battery Voltage
21
102.23 Volts
00
Battery Voltage
21
102.23 Volts
00
Battery Voltage
21
102.13 Volts
00
Battery Voltage
21
102.13 Volts
00
Battery Voltage
21
101.30 Volts
00
Battery Voltage
21
100.48 Volts
00
Battery Voltage
21
100.28 Volts
00
Battery Voltage
21
101.41 Volts
00
Battery Voltage
21
101.30 Volts
00
Battery Voltage
21
102.02 Volts
00
Battery Voltage
21
102.13 Volts
00
Battery Voltage
21
102.02 Volts
00
Battery Voltage
21
102.13 Volts
00
Battery Voltage
21
102.13 Volts
00
Battery Voltage
21
102.02 Volts
00
Battery Voltage
21
102.02 Volts
00
Battery Voltage
21
102.13 Volts
00
Battery Voltage
21
102.02 Volts
00
Battery Voltage
21
102.02 Volts
00
Battery Voltage
21
102.02 Volts
00
Battery Voltage
21
102.13 Volts
00
Battery Voltage
21
102.13 Volts
00
Battery Voltage
21
102.02 Volts
00
Battery Voltage
21
102.02 Volts
00
Battery Voltage
21
102.02 Volts
00
Battery Voltage
21
102.02 Volts
00
Battery Voltage
21
102.02 Volts
00
Battery Voltage
21
102.02 Volts
00
Battery Voltage
21
101.92 Volts
00
Battery Voltage
21
101.92 Volts
00
Battery Voltage
21
101.82 Volts
00
Battery Voltage
21
101.82 Volts
00
Battery Voltage
21
101.30 Volts
00
Battery Voltage
21
100.69 Volts
00
Battery Voltage
21
101.72 Volts
00
Battery Voltage
21
101.82 Volts
00
Battery Voltage
21
101.92 Volts
00
Battery Voltage
21
101.82 Volts
00
Battery Voltage
21
101.92 Volts
00
Battery Voltage
21
101.92 Volts
00
Battery Voltage
21
101.82 Volts
00
Battery Voltage
21
101.92 Volts
00
Battery Voltage
21
101.92 Volts
00
Battery Voltage
21
101.72 Volts
00
Battery Voltage
21
98.94 Volts
00
Battery Voltage
21
102.13 Volts
00
Battery Voltage
21
102.02 Volts
00
Battery Voltage
21
102.13 Volts
00
Battery Voltage
21
102.02 Volts
00
Battery Voltage
21
102.13 Volts
00
Battery Voltage
21
102.13 Volts
00
Battery Voltage
21
102.02 Volts
00
Battery Voltage
21
102.13 Volts
00
Battery Voltage
21
102.23 Volts
00
Battery Voltage
21
102.23 Volts
00
Battery Voltage
21
102.23 Volts
00
Battery Voltage
21
102.13 Volts
00
Battery Voltage
21
94.63 Volts
00
Battery Voltage
21
98.64 Volts
00
Battery Voltage
21
98.02 Volts
00
Battery Voltage
21
98.94 Volts
00
Battery Voltage
21
98.02 Volts
00
Battery Voltage
21
97.71 Volts
00
Battery Voltage
21
97.71 Volts
00
Battery Voltage
21
98.74 Volts
00
Battery Voltage
21
98.74 Volts
00
Battery Voltage
21
99.56 Volts
00
Battery Voltage
21
99.77 Volts
00
Battery Voltage
21
99.77 Volts
00
Battery Voltage
21
99.66 Volts
00
Battery Voltage
21
99.77 Volts
00
Battery Voltage
21
99.66 Volts
00
Battery Voltage
21
99.56 Volts
00
Battery Voltage
21
99.56 Volts
00
Battery Voltage
21
99.46 Volts
00
Battery Voltage
21
99.35 Volts
00
Battery Voltage
21
99.35 Volts
00
Battery Voltage
21
99.35 Volts
00
Battery Voltage
21
99.25 Volts
00
Battery Voltage
21
99.25 Volts
00
Battery Voltage
21
99.25 Volts
00
Battery Voltage
21
99.35 Volts
00
Battery Voltage
21
99.56 Volts
00
Battery Voltage
21
99.56 Volts
00
Battery Voltage
21
99.56 Volts
00
Battery Voltage
21
99.46 Volts
00
Battery Voltage
21
99.25 Volts
00
Battery Voltage
21
99.25 Volts
00
Battery Voltage
21
99.05 Volts
00
Battery Voltage
21
98.94 Volts
00
Battery Voltage
21
98.84 Volts
00
Battery Voltage
21
100.18 Volts
00
Battery Voltage
21
101.61 Volts
00
Battery Voltage
21
101.72 Volts
00
Battery Voltage
21
101.82 Volts
00
Battery Voltage
21
101.92 Volts
00
Battery Voltage
21
101.92 Volts
00
Battery Voltage
21
102.02 Volts
00
Battery Voltage
21
102.02 Volts
00
Battery Voltage
21
101.92 Volts
00
Battery Voltage
21
101.92 Volts
00
Battery Voltage
21
101.92 Volts
00
Battery Voltage
21
102.02 Volts
00
Battery Voltage
21
101.92 Volts
00
Battery Voltage
21
102.02 Volts
00
Battery Voltage
21
101.92 Volts
00
Battery Voltage
21
101.92 Volts
00
Battery Voltage
21
101.72 Volts
00
Battery Voltage
21
101.41 Volts
00
Battery Voltage
21
101.20 Volts
00
Battery Voltage
21
101.41 Volts
00
Battery Voltage
21
101.41 Volts
00
Battery Voltage
21
101.61 Volts
00
Battery Voltage
21
101.41 Volts
00
Battery Voltage
21
101.30 Volts
00
Battery Voltage
21
101.20 Volts
00
Battery Voltage
21
101.51 Volts
00
Battery Voltage
21
101.51 Volts
00
Battery Voltage
21
101.41 Volts
00
Battery Voltage
21
101.41 Volts
00
Battery Voltage
21
101.51 Volts
00
Battery Voltage
21
101.41 Volts
00
Battery Voltage
21
101.20 Volts
00
Battery Voltage
21
101.20 Volts
00
Battery Voltage
21
101.30 Volts
00
Battery Voltage
21
101.20 Volts
00
Battery Voltage
21
101.30 Volts
00
Battery Voltage
21
101.30 Volts
00
Battery Voltage
21
101.30 Volts
00
Battery Voltage
21
101.10 Volts
00
Battery Voltage
21
101.20 Volts
00
Battery Voltage
21
101.10 Volts
00
Battery Voltage
21
101.20 Volts
00
Battery Voltage
21
100.89 Volts
00
Battery Voltage
21
101.00 Volts
00
Battery Voltage
21
100.89 Volts
00
Battery Voltage
21
98.43 Volts
00
Battery Voltage
21
99.15 Volts
00
Battery Voltage
21
98.94 Volts
00
Battery Voltage
21
99.15 Volts
00
Battery Voltage
21
98.84 Volts
00
Battery Voltage
21
99.25 Volts
00
Battery Voltage
21
99.25 Volts
00
Battery Voltage
21
99.66 Volts
00
Battery Voltage
21
100.18 Volts
00
Battery Voltage
21
99.97 Volts
00
Battery Voltage
21
99.97 Volts
00
Battery Voltage
21
100.18 Volts
00
Battery Voltage
21
99.77 Volts
00
Battery Voltage
21
99.87 Volts
00
Battery Voltage
21
99.87 Volts
00
Battery Voltage
21
99.56 Volts
00
Battery Voltage
21
99.87 Volts
00
Battery Voltage
21
99.97 Volts
00
Battery Voltage
21
100.07 Volts
00
Battery Voltage
21
99.87 Volts
00
Battery Voltage
21
99.87 Volts
00
Battery Voltage
21
99.87 Volts
00
Battery Voltage
21
99.87 Volts
00
Battery Voltage
21
99.77 Volts
00
Battery Voltage
21
101.61 Volts
00
Battery Voltage
21
101.61 Volts
00
Battery Voltage
21
101.61 Volts
00
Battery Voltage
21
101.51 Volts
00
Battery Voltage
21
101.51 Volts
00
Battery Voltage
21
101.61 Volts
00
Battery Voltage
21
101.41 Volts
00
Battery Voltage
21
101.61 Volts
00
Battery Voltage
21
102.64 Volts
00
Battery Voltage
21
102.54 Volts
00
Battery Voltage
21
102.43 Volts
00
Battery Voltage
21
102.43 Volts
00
Battery Voltage
21
102.43 Volts
00
Battery Voltage
21
102.23 Volts
00
Battery Voltage
21
101.72 Volts
00
Battery Voltage
21
101.51 Volts
00
Battery Voltage
21
101.61 Volts
00
Battery Voltage
21
101.20 Volts
00
Battery Voltage
21
102.33 Volts
00
Battery Voltage
21
102.54 Volts
00
Battery Voltage
21
102.33 Volts
00
Battery Voltage
21
102.43 Volts
00
Battery Voltage
21
102.54 Volts
00
Battery Voltage
21
102.64 Volts
