20
Success ADS
Success to initialize ADS.
50
V bat
41
76.16 V
40
V Shunt
41
-0.38 mV
20
BAT COULOMB
11
-1804006.00 C
20
BAT PERCENT
01
-7394291700.00 %
50
V bat
41
76.16 V
40
V Shunt
41
-0.38 mV
20
BAT COULOMB
11
-2805322.00 C
20
BAT PERCENT
01
-10999144000.00
50
V bat
41
76.16 V
40
V Shunt
41
-0.38 mV
20
BAT COULOMB
11
-3805651.00 C
20
BAT PERCENT
01
-14602748000.00
50
V bat
41
76.16 V
40
V Shunt
41
-0.38 mV
20
BAT COULOMB
11
-4806738.00 C
20
BAT PERCENT
01
-18204422000.00
50
V bat
41
76.16 V
40
V Shunt
41
-0.38 mV
20
BAT COULOMB
11
-5807020.50 C
20
BAT PERCENT
01
-21805527000.00
50
V bat
41
76.16 V
40
V Shunt
41
-0.38 mV
20
BAT COULOMB
11
-6807498.50 C
20
BAT PERCENT
01
-25407107000.00
50
V bat
41
76.16 V
40
V Shunt
41
-0.38 mV
20
BAT COULOMB
11
-7808391.50 C
20
BAT PERCENT
01
-29010387000.00
50
V bat
41
76.16 V
40
V Shunt
41
-0.38 mV
20
BAT COULOMB
11
-8808534.00 C
20
BAT PERCENT
01
-32610681000.00
50
V bat
41
76.16 V
40
V Shunt
41
-0.38 mV
20
BAT COULOMB
11
-9809228.00 C
20
BAT PERCENT
01
-36214198000.00
50
V bat
41
76.16 V
40
V Shunt
41
-0.38 mV
20
BAT COULOMB
11
-10810349.00 C
20
BAT PERCENT
01
-39817110000.00
50
V bat
41
76.16 V
40
V Shunt
41
-0.38 mV
20
BAT COULOMB
11
-11811097.00 C
20
BAT PERCENT
01
-43419709000.00
50
V bat
41
76.16 V
40
V Shunt
41
-0.38 mV
20
BAT COULOMB
11
-12812150.00 C
20
BAT PERCENT
01
-47025971000.00
50
V bat
41
76.16 V
40
V Shunt
41
-0.38 mV
20
BAT COULOMB
11
-13812857.00 C
20
BAT PERCENT
01
-50626171000.00
50
V bat
41
76.16 V
40
V Shunt
41
-0.38 mV
20
BAT COULOMB
11
-14813171.00 C
20
BAT PERCENT
01
-54227247000.00
50
V bat
41
76.16 V
40
V Shunt
41
-0.38 mV
20
BAT COULOMB
11
-15814124.00 C
20
BAT PERCENT
01
-57833193000.00
50
V bat
41
76.16 V
40
V Shunt
41
-0.38 mV
20
BAT COULOMB
11
-16815804.00 C
20
BAT PERCENT
01
-61438435000.00
50
V bat
41
75.85 V
40
V Shunt
41
-0.38 mV
20
BAT COULOMB
11
-17816516.00 C
20
BAT PERCENT
01
-65039323000.00
50
V bat
41
75.95 V
40
V Shunt
41
-0.38 mV
20
BAT COULOMB
11
-18817634.00 C
20
BAT PERCENT
01
-68642558000.00
50
V bat
41
75.85 V
40
V Shunt
41
-0.38 mV
20
BAT COULOMB
11
-19818332.00 C
20
BAT PERCENT
01
-72245051000.00
50
V bat
41
75.85 V
40
V Shunt
41
-0.38 mV
20
BAT COULOMB
11
-20818550.00 C
20
BAT PERCENT
01
-75846689000.00
50
V bat
41
75.85 V
40
V Shunt
41
-0.38 mV
20
BAT COULOMB
11
-21818796.00 C
20
BAT PERCENT
01
-79447556000.00
50
V bat
41
75.85 V
40
V Shunt
41
-0.38 mV
20
BAT COULOMB
11
-22819714.00 C
20
BAT PERCENT
01
-83053380000.00
50
V bat
41
75.85 V
40
V Shunt
41
-0.38 mV
20
BAT COULOMB
11
-23821592.00 C
20
BAT PERCENT
01
-86657737000.00
50
V bat
41
75.85 V
40
V Shunt
41
-0.38 mV
20
BAT COULOMB
11
-24822784.00 C
20
BAT PERCENT
01
-90262069000.00
50
V bat
41
75.95 V
40
V Shunt
41
-0.38 mV
20
BAT COULOMB
11
-25823022.00 C
20
BAT PERCENT
01
-93862724000.00
50
V bat
41
75.85 V
40
V Shunt
41
-0.38 mV
20
BAT COULOMB
11
-26823242.00 C
20
BAT PERCENT
01
-97463484000.00
50
V bat
41
75.95 V
40
V Shunt
41
-0.38 mV
20
BAT COULOMB
11
-27823628.00 C
20
BAT PERCENT
01
-101065010000.0
50
V bat
41
75.85 V
40
V Shunt
41
-0.38 mV
20
BAT COULOMB
11
-28823584.00 C
20
BAT PERCENT
01
-104663990000.0
50
V bat
41
75.95 V
40
V Shunt
41
-0.38 mV
20
BAT COULOMB
11
-29824284.00 C
20
BAT PERCENT
01
-108267190000.0
50
V bat
41
75.95 V
40
V Shunt
41
-0.38 mV
20
BAT COULOMB
11
-30825412.00 C
20
BAT PERCENT
01
-111871410000.0
50
V bat
41
75.95 V
40
V Shunt
41
-0.38 mV
20
BAT COULOMB
11
-31826142.00 C
20
BAT PERCENT
01
-115474030000.0
50
V bat
41
75.85 V
40
V Shunt
41
-0.38 mV
20
BAT COULOMB
11
-32826632.00 C
20
BAT PERCENT
01
-119075690000.0
50
V bat
41
75.95 V
40
V Shunt
41
-0.38 mV
20
BAT COULOMB
11
-33825056.00 C
20
BAT PERCENT
01
-122670370000.0
50
V bat
41
75.85 V
40
V Shunt
41
-0.38 mV
20
BAT COULOMB
11
-34825872.00 C
20
BAT PERCENT
01
-126274240000.0
50
V bat
41
75.85 V
40
V Shunt
41
-0.38 mV
20
BAT COULOMB
11
-35827200.00 C
20
BAT PERCENT
01
-129878980000.0
50
V bat
41
75.85 V
40
V Shunt
41
-0.38 mV
20
BAT COULOMB
11
-36827612.00 C
20
BAT PERCENT
01
-133480490000.0
50
V bat
41
75.85 V
40
V Shunt
41
-0.38 mV
20
BAT COULOMB
11
-37828052.00 C
20
BAT PERCENT
01
-137082150000.0
50
V bat
41
76.06 V
40
V Shunt
41
-0.38 mV
20
BAT COULOMB
11
-38828504.00 C
20
BAT PERCENT
01
-140683490000.0
50
V bat
41
76.06 V
40
V Shunt
41
-0.38 mV
20
BAT COULOMB
11
-39829484.00 C
20
BAT PERCENT
01
-144287170000.0
50
V bat
41
76.06 V
40
V Shunt
41
-0.38 mV
20
BAT COULOMB
11
-40830540.00 C
20
BAT PERCENT
01
-147890960000.0
50
V bat
41
75.95 V
40
V Shunt
41
-0.38 mV
20
BAT COULOMB
11
-41831368.00 C
20
BAT PERCENT
01
-151494000000.0
50
V bat
41
76.06 V
40
V Shunt
41
-0.38 mV
20
BAT COULOMB
11
-42831620.00 C
20
BAT PERCENT
01
-155094840000.0
