50
V bat
41
52.04 V
40
V Shunt
41
0.25 mV
40
V Shunt
41
0.25 mV
40
V Shunt
41
0.25 mV
40
V Shunt
41
0.25 mV
40
V Shunt
41
0.25 mV
40
V Shunt
41
0.25 mV
40
V Shunt
41
0.25 mV
40
V Shunt
41
0.25 mV
40
V Shunt
41
0.25 mV
40
V Shunt
41
0.25 mV
40
V Shunt
41
0.25 mV
40
V Shunt
41
0.25 mV
40
V Shunt
41
0.25 mV
40
V Shunt
41
0.25 mV
40
V Shunt
41
0.25 mV
40
V Shunt
41
0.25 mV
40
V Shunt
41
0.25 mV
40
V Shunt
41
0.25 mV
40
V Shunt
41
0.25 mV
40
V Shunt
41
0.25 mV
40
V Shunt
41
0.25 mV
40
V Shunt
41
0.25 mV
40
V Shunt
41
0.25 mV
40
V Shunt
41
0.25 mV
40
V Shunt
41
0.25 mV
40
V Shunt
41
0.25 mV
40
V Shunt
41
0.13 mV
40
V Shunt
41
0.25 mV
40
V Shunt
41
0.25 mV
40
V Shunt
41
0.25 mV
40
V Shunt
41
0.25 mV
40
V Shunt
41
0.25 mV
40
V Shunt
41
0.25 mV
40
V Shunt
41
0.25 mV
40
V Shunt
41
0.25 mV
40
V Shunt
41
0.25 mV
40
V Shunt
41
0.25 mV
40
V Shunt
41
0.25 mV
