battery_voltage	64.00
battery_capacity_ah	100.00
battery_capacity_coulomb	360000.00
shunt_voltage	0.08


===================
SHUNT_RESISTANCE	0.00
SHUNT_MULTIPLIER	0.01
BATTERY_CAPACITY_AH	100.00
BATTERY_CAPACITY_COULOMB	360000.00


===================
Success ADS
Success to initialize ADS.
5671952
5671952
-1417988.00000000000000000000

5678116
5678116
-1541.00000000000000000000

5684120
5684120
-1501.00000000000000000000

5690124
5690124
-1501.00000000000000000000

5696128
5696128
-1501.00000000000000000000

5702128
5702128
-1500.00000000000000000000

5708136
5708136
-1502.00000000000000000000

5714136
5714136
-1500.00000000000000000000

5720136
5720136
-1500.00000000000000000000

5726140
5726140
-1501.00000000000000000000

5732148
5732148
-1502.00000000000000000000

5738148
5738148
-1500.00000000000000000000

5744144
5744144
-1499.00000000000000000000

5750144
5750144
-1500.00000000000000000000

5756148
5756148
-1501.00000000000000000000

5762148
5762148
-1500.00000000000000000000

5768148
5768148
-1500.00000000000000000000

5774140
5774140
-1498.00000000000000000000

5780148
5780148
-1502.00000000000000000000

5786140
5786140
-1498.00000000000000000000

5792140
5792140
-1500.00000000000000000000

5798140
5798140
-1500.00000000000000000000

5804140
5804140
-1500.00000000000000000000

5810140
5810140
-1500.00000000000000000000

5816148
5816148
-1502.00000000000000000000

5822156
5822156
-1502.00000000000000000000

5828168
5828168
-1503.00000000000000000000

5834168
5834168
-1500.00000000000000000000

5840168
5840168
-1500.00000000000000000000

5846164
5846164
-1499.00000000000000000000

5852172
5852172
-1502.00000000000000000000

5858168
5858168
-1499.00000000000000000000

5864164
5864164
-1499.00000000000000000000

5870172
5870172
-1502.00000000000000000000

5876172
5876172
-1500.00000000000000000000

5882176
5882176
-1501.00000000000000000000

5888176
5888176
-1500.00000000000000000000

5894180
5894180
-1501.00000000000000000000

5900188
5900188
-1502.00000000000000000000

5906192
5906192
-1501.00000000000000000000

5912200
5912200
-1502.00000000000000000000

5918212
5918212
-1503.00000000000000000000

5924216
5924216
-1501.00000000000000000000

5930204
5930204
-1497.00000000000000000000

5936208
5936208
-1501.00000000000000000000

5942208
5942208
-1500.00000000000000000000

5948212
5948212
-1501.00000000000000000000

5954220
5954220
-1502.00000000000000000000

5960212
5960212
-1498.00000000000000000000

5966212
5966212
-1500.00000000000000000000

5972212
5972212
-1500.00000000000000000000

5978212
5978212
-1500.00000000000000000000

5984212
5984212
-1500.00000000000000000000

5990220
5990220
-1502.00000000000000000000

5996232
5996232
-1503.00000000000000000000

6002252
6002252
-1505.00000000000000000000

6008256
6008256
-1501.00000000000000000000

6014256
6014256
-1500.00000000000000000000

6020260
6020260
-1501.00000000000000000000

6026272
6026272
-1503.00000000000000000000

6032276
6032276
-1501.00000000000000000000

6038280
6038280
-1501.00000000000000000000

6044288
6044288
-1502.00000000000000000000

6050300
6050300
-1503.00000000000000000000

6056304
6056304
-1501.00000000000000000000

6062316
6062316
-1503.00000000000000000000

6068316
6068316
-1500.00000000000000000000

6074316
6074316
-1500.00000000000000000000

6080324
6080324
-1502.00000000000000000000

6086328
6086328
-1501.00000000000000000000

6092352
6092352
-1506.00000000000000000000

6098360
6098360
-1502.00000000000000000000

6104360
6104360
-1500.00000000000000000000

6110368
6110368
-1502.00000000000000000000

6116384
6116384
-1504.00000000000000000000

6122388
6122388
-1501.00000000000000000000

6128396
6128396
-1502.00000000000000000000

6134404
6134404
-1502.00000000000000000000

6140404
6140404
-1500.00000000000000000000

6146420
6146420
-1504.00000000000000000000

6152420
6152420
-1500.00000000000000000000

6158420
6158420
-1500.00000000000000000000

6164420
6164420
-1500.00000000000000000000

6170424
6170424
-1501.00000000000000000000

6176432
6176432
-1502.00000000000000000000

6182420
6182420
-1497.00000000000000000000

6188420
6188420
-1500.00000000000000000000

6194420
6194420
-1500.00000000000000000000

6200420
6200420
-1500.00000000000000000000

6206420
6206420
-1500.00000000000000000000

6212424
6212424
-1501.00000000000000000000

6218440
6218440
-1504.00000000000000000000

6224448
6224448
-1502.00000000000000000000

6230456
6230456
-1502.00000000000000000000

6236456
6236456
-1500.00000000000000000000

6242464
6242464
-1502.00000000000000000000

6248468
6248468
-1501.00000000000000000000

6254468
6254468
-1500.00000000000000000000

6260476
6260476
-1502.00000000000000000000

6266476
6266476
-1500.00000000000000000000

6272484
6272484
-1502.00000000000000000000

6278488
6278488
-1501.00000000000000000000

6284488
6284488
-1500.00000000000000000000

6290488
6290488
-1500.00000000000000000000

6296492
6296492
-1501.00000000000000000000

6302500
6302500
-1502.00000000000000000000

6308500
6308500
-1500.00000000000000000000

6314500
6314500
-1500.00000000000000000000

6320504
6320504
-1501.00000000000000000000

6326504
6326504
-1500.00000000000000000000

6332508
6332508
-1501.00000000000000000000

6338508
6338508
-1500.00000000000000000000

6344516
6344516
-1502.00000000000000000000

6350524
6350524
-1502.00000000000000000000

6356520
6356520
-1499.00000000000000000000

6362524
6362524
-1501.00000000000000000000

6368528
6368528
-1501.00000000000000000000

6374532
6374532
-1501.00000000000000000000

6380536
6380536
-1501.00000000000000000000

6386544
6386544
-1502.00000000000000000000

6392552
6392552
-1502.00000000000000000000

6398568
6398568
-1504.00000000000000000000

6404576
6404576
-1502.00000000000000000000

6410564
6410564
-1497.00000000000000000000

6416564
6416564
-1500.00000000000000000000

6422572
6422572
-1502.00000000000000000000

6428576
6428576
-1501.00000000000000000000

6434580
6434580
-1501.00000000000000000000

6440584
6440584
-1501.00000000000000000000

6446596
6446596
-1503.00000000000000000000

6452600
6452600
-1501.00000000000000000000

6458588
6458588
-1497.00000000000000000000

6464588
6464588
-1500.00000000000000000000

6470588
6470588
-1500.00000000000000000000

6476596
6476596
-1502.00000000000000000000

6482604
6482604
-1502.00000000000000000000

6488596
6488596
-1498.00000000000000000000

6494596
6494596
-1500.00000000000000000000

6500596
6500596
-1500.00000000000000000000

6506596
6506596
-1500.00000000000000000000

6512596
6512596
-1500.00000000000000000000

6518604
6518604
-1502.00000000000000000000

6524616
6524616
-1503.00000000000000000000

6530620
6530620
-1501.00000000000000000000

6536620
6536620
-1500.00000000000000000000

6542620
6542620
-1500.00000000000000000000

6548628
6548628
-1502.00000000000000000000

6554636
6554636
-1502.00000000000000000000

6560624
6560624
-1497.00000000000000000000

6566628
6566628
-1501.00000000000000000000

6572632
6572632
-1501.00000000000000000000

6578636
6578636
-1501.00000000000000000000

6584636
6584636
-1500.00000000000000000000

6590640
6590640
-1501.00000000000000000000

6596644
6596644
-1501.00000000000000000000

6602644
6602644
-1500.00000000000000000000

6608636
6608636
-1498.00000000000000000000

6614636
6614636
-1500.00000000000000000000

6620636
6620636
-1500.00000000000000000000

6626640
6626640
-1501.00000000000000000000

6632632
6632632
-1498.00000000000000000000

6638636
6638636
-1501.00000000000000000000

6644640
6644640
-1501.00000000000000000000

6650636
6650636
-1499.00000000000000000000

6656644
6656644
-1502.00000000000000000000

6662640
6662640
-1499.00000000000000000000

6668632
6668632
-1498.00000000000000000000

V bat
76.77 V
6699736
6699736
-7776.00000000000000000000

6705736
6705736
-1500.00000000000000000000

6711736
6711736
-1500.00000000000000000000

6717736
6717736
-1500.00000000000000000000

6723740
6723740
-1501.00000000000000000000

6729748
6729748
-1502.00000000000000000000

6735748
6735748
-1500.00000000000000000000

6741752
6741752
-1501.00000000000000000000

6747764
6747764
-1503.00000000000000000000

6753764
6753764
-1500.00000000000000000000

6759772
6759772
-1502.00000000000000000000

6765768
6765768
-1499.00000000000000000000

6771764
6771764
-1499.00000000000000000000

6777768
6777768
-1501.00000000000000000000

6783776
6783776
-1502.00000000000000000000

6789772
6789772
-1499.00000000000000000000

6795772
6795772
-1500.00000000000000000000

6801776
6801776
-1501.00000000000000000000

6807768
6807768
-1498.00000000000000000000

6813768
6813768
-1500.00000000000000000000

6819772
6819772
-1501.00000000000000000000

6825780
6825780
-1502.00000000000000000000

6831788
6831788
-1502.00000000000000000000

6837780
6837780
-1498.00000000000000000000

6843780
6843780
-1500.00000000000000000000

6849780
6849780
-1500.00000000000000000000

6855780
6855780
-1500.00000000000000000000

6861780
6861780
-1500.00000000000000000000

6867788
6867788
-1502.00000000000000000000

6873800
6873800
-1503.00000000000000000000

6879820
6879820
-1505.00000000000000000000

6885836
6885836
-1504.00000000000000000000

V Shunt
-0.38 mV
BAT COULOMB
-1808649.00 C
BAT PERCENT
-7412000800.00 %
BAT COULOMB
-2308673.80 C
BAT PERCENT
-9212014600.00 %
BAT COULOMB
-2808906.80 C
BAT PERCENT
-11013000000.00
BAT COULOMB
-3309492.80 C
